{"uuid":"0102357f-590c-45af-b7c1-9d8800f9be45","historyId":"8c5b3c1a7dcf78d58e9c48aebc40481e","fullName":"tests.E2Etests.e2eTest_loginAndCreateAd","labels":[{"name":"package","value":"tests.E2Etests"},{"name":"testClass","value":"tests.E2Etests"},{"name":"testMethod","value":"e2eTest_loginAndCreateAd"},{"name":"parentSuite","value":"Default Suite"},{"name":"suite","value":"KaleidoHomePractice"},{"name":"subSuite","value":"tests.E2Etests"},{"name":"host","value":"DESKTOP-7K9OJ2H"},{"name":"thread","value":"11328@DESKTOP-7K9OJ2H.main(1)"},{"name":"framework","value":"testng"},{"name":"language","value":"java"}],"links":[],"name":"e2eTest_loginAndCreateAd","status":"broken","statusDetails":{"known":false,"muted":false,"flaky":false,"message":"Expected condition failed: waiting for element to be clickable: [[ChromeDriver: chrome on windows (1dd2a5dada60649549c18cca835d4346)] -> css selector: [name='credits']] (tried for 20 second(s) with 500 milliseconds interval)\nBuild info: version: '4.23.1', revision: '656257d8e9'\nSystem info: os.name: 'Windows 11', os.arch: 'amd64', os.version: '10.0', java.version: '21.0.3'\nDriver info: org.openqa.selenium.chrome.ChromeDriver\nCapabilities {acceptInsecureCerts: false, browserName: chrome, browserVersion: 132.0.6834.197, chrome: {chromedriverVersion: 132.0.6834.159 (2d77d3fc445..., userDataDir: C:\\Users\\USER\\AppData\\Local...}, fedcm:accounts: true, goog:chromeOptions: {debuggerAddress: localhost:56623}, networkConnectionEnabled: false, pageLoadStrategy: normal, platformName: windows, proxy: Proxy(), se:cdp: ws://localhost:56623/devtoo..., se:cdpVersion: 132.0.6834.197, setWindowRect: true, strictFileInteractability: false, timeouts: {implicit: 0, pageLoad: 300000, script: 30000}, unhandledPromptBehavior: dismiss and notify, webauthn:extension:credBlob: true, webauthn:extension:largeBlob: true, webauthn:extension:minPinLength: true, webauthn:extension:prf: true, webauthn:virtualAuthenticators: true}\nSession ID: 1dd2a5dada60649549c18cca835d4346","trace":"org.openqa.selenium.TimeoutException: Expected condition failed: waiting for element to be clickable: [[ChromeDriver: chrome on windows (1dd2a5dada60649549c18cca835d4346)] -> css selector: [name='credits']] (tried for 20 second(s) with 500 milliseconds interval)\nBuild info: version: '4.23.1', revision: '656257d8e9'\nSystem info: os.name: 'Windows 11', os.arch: 'amd64', os.version: '10.0', java.version: '21.0.3'\nDriver info: org.openqa.selenium.chrome.ChromeDriver\nCapabilities {acceptInsecureCerts: false, browserName: chrome, browserVersion: 132.0.6834.197, chrome: {chromedriverVersion: 132.0.6834.159 (2d77d3fc445..., userDataDir: C:\\Users\\USER\\AppData\\Local...}, fedcm:accounts: true, goog:chromeOptions: {debuggerAddress: localhost:56623}, networkConnectionEnabled: false, pageLoadStrategy: normal, platformName: windows, proxy: Proxy(), se:cdp: ws://localhost:56623/devtoo..., se:cdpVersion: 132.0.6834.197, setWindowRect: true, strictFileInteractability: false, timeouts: {implicit: 0, pageLoad: 300000, script: 30000}, unhandledPromptBehavior: dismiss and notify, webauthn:extension:credBlob: true, webauthn:extension:largeBlob: true, webauthn:extension:minPinLength: true, webauthn:extension:prf: true, webauthn:virtualAuthenticators: true}\nSession ID: 1dd2a5dada60649549c18cca835d4346\r\n\tat org.openqa.selenium.support.ui.WebDriverWait.timeoutException(WebDriverWait.java:84)\r\n\tat org.openqa.selenium.support.ui.FluentWait.until(FluentWait.java:228)\r\n\tat pages.BasePage.waitForElement(BasePage.java:34)\r\n\tat pages.BasePage.fillText(BasePage.java:59)\r\n\tat pages.publishAdWizard.Step4_page.setNumberOfPayments(Step4_page.java:34)\r\n\tat tests.E2Etests.e2eTest_loginAndCreateAd(E2Etests.java:55)\r\n\tat java.base/jdk.internal.reflect.DirectMethodHandleAccessor.invoke(DirectMethodHandleAccessor.java:103)\r\n\tat java.base/java.lang.reflect.Method.invoke(Method.java:580)\r\n\tat org.testng.internal.invokers.MethodInvocationHelper.invokeMethod(MethodInvocationHelper.java:141)\r\n\tat org.testng.internal.invokers.TestInvoker.invokeMethod(TestInvoker.java:686)\r\n\tat org.testng.internal.invokers.TestInvoker.invokeTestMethod(TestInvoker.java:230)\r\n\tat org.testng.internal.invokers.MethodRunner.runInSequence(MethodRunner.java:63)\r\n\tat org.testng.internal.invokers.TestInvoker$MethodInvocationAgent.invoke(TestInvoker.java:992)\r\n\tat org.testng.internal.invokers.TestInvoker.invokeTestMethods(TestInvoker.java:203)\r\n\tat org.testng.internal.invokers.TestMethodWorker.invokeTestMethods(TestMethodWorker.java:154)\r\n\tat org.testng.internal.invokers.TestMethodWorker.run(TestMethodWorker.java:134)\r\n\tat java.base/java.util.ArrayList.forEach(ArrayList.java:1596)\r\n\tat org.testng.TestRunner.privateRun(TestRunner.java:739)\r\n\tat org.testng.TestRunner.run(TestRunner.java:614)\r\n\tat org.testng.SuiteRunner.runTest(SuiteRunner.java:421)\r\n\tat org.testng.SuiteRunner.runSequentially(SuiteRunner.java:413)\r\n\tat org.testng.SuiteRunner.privateRun(SuiteRunner.java:373)\r\n\tat org.testng.SuiteRunner.run(SuiteRunner.java:312)\r\n\tat org.testng.SuiteRunnerWorker.runSuite(SuiteRunnerWorker.java:52)\r\n\tat org.testng.SuiteRunnerWorker.run(SuiteRunnerWorker.java:95)\r\n\tat org.testng.TestNG.runSuitesSequentially(TestNG.java:1274)\r\n\tat org.testng.TestNG.runSuitesLocally(TestNG.java:1208)\r\n\tat org.testng.TestNG.runSuites(TestNG.java:1112)\r\n\tat org.testng.TestNG.run(TestNG.java:1079)\r\n\tat com.intellij.rt.testng.IDEARemoteTestNG.run(IDEARemoteTestNG.java:65)\r\n\tat com.intellij.rt.testng.RemoteTestNGStarter.main(RemoteTestNGStarter.java:105)\r\n"},"stage":"finished","description":"Test 1 - Login with a valid user, to the website and Create a new Ad","steps":[{"name":"Select a tab By giving his name","status":"passed","stage":"finished","steps":[],"attachments":[],"parameters":[{"name":"tabName","value":"מאגר דירות"}],"start":1739652146365,"stop":1739652147717},{"name":"Count the number of the Ads","status":"passed","stage":"finished","steps":[],"attachments":[],"parameters":[],"start":1739652147717,"stop":1739652152777},{"name":"Click on the 'Publish Ad' button","status":"passed","stage":"finished","steps":[],"attachments":[],"parameters":[],"start":1739652152777,"stop":1739652154853},{"name":"Select the type of the asset","status":"passed","stage":"finished","steps":[],"attachments":[],"parameters":[{"name":"typeValue","value":"דירה"}],"start":1739652154854,"stop":1739652155967},{"name":"Select the status of the asset","status":"passed","stage":"finished","steps":[],"attachments":[],"parameters":[{"name":"statusValue","value":"משופץ"}],"start":1739652155967,"stop":1739652156055},{"name":"Select a city and set streetName if required or select other city without street","status":"passed","stage":"finished","steps":[],"attachments":[],"parameters":[{"name":"cityNameValue","value":"כרמיאל"},{"name":"streetNameValue","value":"אשחר"},{"name":"houseNumberValue","value":"36"}],"start":1739652156055,"stop":1739652157365},{"name":"Click on the Next button","status":"passed","stage":"finished","steps":[],"attachments":[],"parameters":[],"start":1739652157365,"stop":1739652157490},{"name":"Set the floor number","status":"passed","stage":"finished","steps":[],"attachments":[],"parameters":[{"name":"floorValue","value":"1"}],"start":1739652157490,"stop":1739652157685},{"name":"Set the value from 'which' floor","status":"passed","stage":"finished","steps":[],"attachments":[],"parameters":[{"name":"fromFloorValue","value":"2"}],"start":1739652157685,"stop":1739652157867},{"name":"Set number of the Rooms","status":"passed","stage":"finished","steps":[],"attachments":[],"parameters":[{"name":"numberOfRoomsValue","value":"4"}],"start":1739652157867,"stop":1739652157950},{"name":"Select the number of the traces","status":"passed","stage":"finished","steps":[],"attachments":[],"parameters":[{"name":"numberOfTerracesValue","value":"1"}],"start":1739652157950,"stop":1739652158031},{"name":"Select the number of the parkings","status":"passed","stage":"finished","steps":[],"attachments":[],"parameters":[{"name":"numberOfParkingsValue","value":"1"}],"start":1739652158031,"stop":1739652158083},{"name":"Set the built per Mr","status":"passed","stage":"finished","steps":[],"attachments":[],"parameters":[{"name":"builtMrValue","value":"120"}],"start":1739652158083,"stop":1739652158234},{"name":"Select if elevator is exist or not","status":"passed","stage":"finished","steps":[],"attachments":[],"parameters":[{"name":"elevatorValue","value":"עם"}],"start":1739652158234,"stop":1739652158302},{"name":"Click on the Next button","status":"passed","stage":"finished","steps":[],"attachments":[],"parameters":[],"start":1739652158302,"stop":1739652158438},{"name":"Add the 'Access For Cripples' option","status":"passed","stage":"finished","steps":[],"attachments":[],"parameters":[],"start":1739652158438,"stop":1739652158569},{"name":"Add the 'Air Condition' option","status":"passed","stage":"finished","steps":[],"attachments":[],"parameters":[],"start":1739652158569,"stop":1739652158737},{"name":"Add the 'Kosher Kitchen' option","status":"passed","stage":"finished","steps":[],"attachments":[],"parameters":[],"start":1739652158738,"stop":1739652158883},{"name":"Describe the asset","status":"passed","stage":"finished","steps":[],"attachments":[],"parameters":[{"name":"assetDescriptionText","value":"בדיקה 1 בדיקה 2 בדיקה 3"}],"start":1739652158883,"stop":1739652159050},{"name":"Click on theNext button","status":"passed","stage":"finished","steps":[],"attachments":[],"parameters":[],"start":1739652159050,"stop":1739652159188},{"name":"Set the number of payments","status":"broken","statusDetails":{"known":false,"muted":false,"flaky":false,"message":"Expected condition failed: waiting for element to be clickable: [[ChromeDriver: chrome on windows (1dd2a5dada60649549c18cca835d4346)] -> css selector: [name='credits']] (tried for 20 second(s) with 500 milliseconds interval)\nBuild info: version: '4.23.1', revision: '656257d8e9'\nSystem info: os.name: 'Windows 11', os.arch: 'amd64', os.version: '10.0', java.version: '21.0.3'\nDriver info: org.openqa.selenium.chrome.ChromeDriver\nCapabilities {acceptInsecureCerts: false, browserName: chrome, browserVersion: 132.0.6834.197, chrome: {chromedriverVersion: 132.0.6834.159 (2d77d3fc445..., userDataDir: C:\\Users\\USER\\AppData\\Local...}, fedcm:accounts: true, goog:chromeOptions: {debuggerAddress: localhost:56623}, networkConnectionEnabled: false, pageLoadStrategy: normal, platformName: windows, proxy: Proxy(), se:cdp: ws://localhost:56623/devtoo..., se:cdpVersion: 132.0.6834.197, setWindowRect: true, strictFileInteractability: false, timeouts: {implicit: 0, pageLoad: 300000, script: 30000}, unhandledPromptBehavior: dismiss and notify, webauthn:extension:credBlob: true, webauthn:extension:largeBlob: true, webauthn:extension:minPinLength: true, webauthn:extension:prf: true, webauthn:virtualAuthenticators: true}\nSession ID: 1dd2a5dada60649549c18cca835d4346","trace":"org.openqa.selenium.TimeoutException: Expected condition failed: waiting for element to be clickable: [[ChromeDriver: chrome on windows (1dd2a5dada60649549c18cca835d4346)] -> css selector: [name='credits']] (tried for 20 second(s) with 500 milliseconds interval)\nBuild info: version: '4.23.1', revision: '656257d8e9'\nSystem info: os.name: 'Windows 11', os.arch: 'amd64', os.version: '10.0', java.version: '21.0.3'\nDriver info: org.openqa.selenium.chrome.ChromeDriver\nCapabilities {acceptInsecureCerts: false, browserName: chrome, browserVersion: 132.0.6834.197, chrome: {chromedriverVersion: 132.0.6834.159 (2d77d3fc445..., userDataDir: C:\\Users\\USER\\AppData\\Local...}, fedcm:accounts: true, goog:chromeOptions: {debuggerAddress: localhost:56623}, networkConnectionEnabled: false, pageLoadStrategy: normal, platformName: windows, proxy: Proxy(), se:cdp: ws://localhost:56623/devtoo..., se:cdpVersion: 132.0.6834.197, setWindowRect: true, strictFileInteractability: false, timeouts: {implicit: 0, pageLoad: 300000, script: 30000}, unhandledPromptBehavior: dismiss and notify, webauthn:extension:credBlob: true, webauthn:extension:largeBlob: true, webauthn:extension:minPinLength: true, webauthn:extension:prf: true, webauthn:virtualAuthenticators: true}\nSession ID: 1dd2a5dada60649549c18cca835d4346\r\n\tat org.openqa.selenium.support.ui.WebDriverWait.timeoutException(WebDriverWait.java:84)\r\n\tat org.openqa.selenium.support.ui.FluentWait.until(FluentWait.java:228)\r\n\tat pages.BasePage.waitForElement(BasePage.java:34)\r\n\tat pages.BasePage.fillText(BasePage.java:59)\r\n\tat pages.publishAdWizard.Step4_page.setNumberOfPayments(Step4_page.java:34)\r\n\tat tests.E2Etests.e2eTest_loginAndCreateAd(E2Etests.java:55)\r\n\tat java.base/jdk.internal.reflect.DirectMethodHandleAccessor.invoke(DirectMethodHandleAccessor.java:103)\r\n\tat java.base/java.lang.reflect.Method.invoke(Method.java:580)\r\n\tat org.testng.internal.invokers.MethodInvocationHelper.invokeMethod(MethodInvocationHelper.java:141)\r\n\tat org.testng.internal.invokers.TestInvoker.invokeMethod(TestInvoker.java:686)\r\n\tat org.testng.internal.invokers.TestInvoker.invokeTestMethod(TestInvoker.java:230)\r\n\tat org.testng.internal.invokers.MethodRunner.runInSequence(MethodRunner.java:63)\r\n\tat org.testng.internal.invokers.TestInvoker$MethodInvocationAgent.invoke(TestInvoker.java:992)\r\n\tat org.testng.internal.invokers.TestInvoker.invokeTestMethods(TestInvoker.java:203)\r\n\tat org.testng.internal.invokers.TestMethodWorker.invokeTestMethods(TestMethodWorker.java:154)\r\n\tat org.testng.internal.invokers.TestMethodWorker.run(TestMethodWorker.java:134)\r\n\tat java.base/java.util.ArrayList.forEach(ArrayList.java:1596)\r\n\tat org.testng.TestRunner.privateRun(TestRunner.java:739)\r\n\tat org.testng.TestRunner.run(TestRunner.java:614)\r\n\tat org.testng.SuiteRunner.runTest(SuiteRunner.java:421)\r\n\tat org.testng.SuiteRunner.runSequentially(SuiteRunner.java:413)\r\n\tat org.testng.SuiteRunner.privateRun(SuiteRunner.java:373)\r\n\tat org.testng.SuiteRunner.run(SuiteRunner.java:312)\r\n\tat org.testng.SuiteRunnerWorker.runSuite(SuiteRunnerWorker.java:52)\r\n\tat org.testng.SuiteRunnerWorker.run(SuiteRunnerWorker.java:95)\r\n\tat org.testng.TestNG.runSuitesSequentially(TestNG.java:1274)\r\n\tat org.testng.TestNG.runSuitesLocally(TestNG.java:1208)\r\n\tat org.testng.TestNG.runSuites(TestNG.java:1112)\r\n\tat org.testng.TestNG.run(TestNG.java:1079)\r\n\tat com.intellij.rt.testng.IDEARemoteTestNG.run(IDEARemoteTestNG.java:65)\r\n\tat com.intellij.rt.testng.RemoteTestNGStarter.main(RemoteTestNGStarter.java:105)\r\n"},"stage":"finished","steps":[],"attachments":[],"parameters":[{"name":"numberOfPaymentsValue","value":"12"}],"start":1739652159188,"stop":1739652179351}],"attachments":[],"parameters":[],"start":1739652146303,"stop":1739652179351}