{"uuid":"a4068729-cce9-44bc-af88-aaa4a97bfe01","historyId":"8c5b3c1a7dcf78d58e9c48aebc40481e","fullName":"tests.E2Etests.e2eTest_loginAndCreateAd","labels":[{"name":"package","value":"tests.E2Etests"},{"name":"testClass","value":"tests.E2Etests"},{"name":"testMethod","value":"e2eTest_loginAndCreateAd"},{"name":"parentSuite","value":"Default Suite"},{"name":"suite","value":"KalDemo-project-main"},{"name":"subSuite","value":"tests.E2Etests"},{"name":"host","value":"ASAF-PC"},{"name":"thread","value":"39264@ASAF-PC.main(1)"},{"name":"framework","value":"testng"},{"name":"language","value":"java"}],"links":[],"name":"e2eTest_loginAndCreateAd","status":"broken","statusDetails":{"known":false,"muted":false,"flaky":false,"message":"element not interactable\n  (Session info: chrome=133.0.6943.98)\nBuild info: version: '4.23.1', revision: '656257d8e9'\nSystem info: os.name: 'Windows 11', os.arch: 'amd64', os.version: '10.0', java.version: '21.0.6'\nDriver info: org.openqa.selenium.chrome.ChromeDriver\nCommand: [2dc4f1d3e93bff4bf7b993724b48cafb, clearElement {id=f.36300C7CCF87E232E50BFE3F436AC466.d.A9337B38DE3E73C50F36E25D7E435772.e.249}]\nCapabilities {acceptInsecureCerts: false, browserName: chrome, browserVersion: 133.0.6943.98, chrome: {chromedriverVersion: 133.0.6943.98 (da53563ceb66..., userDataDir: C:\\Users\\ASAFAH~1\\AppData\\L...}, fedcm:accounts: true, goog:chromeOptions: {debuggerAddress: localhost:58385}, networkConnectionEnabled: false, pageLoadStrategy: normal, platformName: windows, proxy: Proxy(), se:cdp: ws://localhost:58385/devtoo..., se:cdpVersion: 133.0.6943.98, setWindowRect: true, strictFileInteractability: false, timeouts: {implicit: 0, pageLoad: 300000, script: 30000}, unhandledPromptBehavior: dismiss and notify, webauthn:extension:credBlob: true, webauthn:extension:largeBlob: true, webauthn:extension:minPinLength: true, webauthn:extension:prf: true, webauthn:virtualAuthenticators: true}\nElement: [[ChromeDriver: chrome on windows (2dc4f1d3e93bff4bf7b993724b48cafb)] -> css selector: input[class='numInput cur-year']]\nSession ID: 2dc4f1d3e93bff4bf7b993724b48cafb","trace":"org.openqa.selenium.ElementNotInteractableException: element not interactable\n  (Session info: chrome=133.0.6943.98)\nBuild info: version: '4.23.1', revision: '656257d8e9'\nSystem info: os.name: 'Windows 11', os.arch: 'amd64', os.version: '10.0', java.version: '21.0.6'\nDriver info: org.openqa.selenium.chrome.ChromeDriver\nCommand: [2dc4f1d3e93bff4bf7b993724b48cafb, clearElement {id=f.36300C7CCF87E232E50BFE3F436AC466.d.A9337B38DE3E73C50F36E25D7E435772.e.249}]\nCapabilities {acceptInsecureCerts: false, browserName: chrome, browserVersion: 133.0.6943.98, chrome: {chromedriverVersion: 133.0.6943.98 (da53563ceb66..., userDataDir: C:\\Users\\ASAFAH~1\\AppData\\L...}, fedcm:accounts: true, goog:chromeOptions: {debuggerAddress: localhost:58385}, networkConnectionEnabled: false, pageLoadStrategy: normal, platformName: windows, proxy: Proxy(), se:cdp: ws://localhost:58385/devtoo..., se:cdpVersion: 133.0.6943.98, setWindowRect: true, strictFileInteractability: false, timeouts: {implicit: 0, pageLoad: 300000, script: 30000}, unhandledPromptBehavior: dismiss and notify, webauthn:extension:credBlob: true, webauthn:extension:largeBlob: true, webauthn:extension:minPinLength: true, webauthn:extension:prf: true, webauthn:virtualAuthenticators: true}\nElement: [[ChromeDriver: chrome on windows (2dc4f1d3e93bff4bf7b993724b48cafb)] -> css selector: input[class='numInput cur-year']]\nSession ID: 2dc4f1d3e93bff4bf7b993724b48cafb\r\n\tat java.base/jdk.internal.reflect.DirectConstructorHandleAccessor.newInstance(DirectConstructorHandleAccessor.java:62)\r\n\tat java.base/java.lang.reflect.Constructor.newInstanceWithCaller(Constructor.java:502)\r\n\tat java.base/java.lang.reflect.Constructor.newInstance(Constructor.java:486)\r\n\tat org.openqa.selenium.remote.ErrorCodec.decode(ErrorCodec.java:167)\r\n\tat org.openqa.selenium.remote.codec.w3c.W3CHttpResponseCodec.decode(W3CHttpResponseCodec.java:138)\r\n\tat org.openqa.selenium.remote.codec.w3c.W3CHttpResponseCodec.decode(W3CHttpResponseCodec.java:50)\r\n\tat org.openqa.selenium.remote.HttpCommandExecutor.execute(HttpCommandExecutor.java:190)\r\n\tat org.openqa.selenium.remote.service.DriverCommandExecutor.invokeExecute(DriverCommandExecutor.java:216)\r\n\tat org.openqa.selenium.remote.service.DriverCommandExecutor.execute(DriverCommandExecutor.java:174)\r\n\tat org.openqa.selenium.remote.RemoteWebDriver.execute(RemoteWebDriver.java:545)\r\n\tat org.openqa.selenium.remote.RemoteWebElement.execute(RemoteWebElement.java:223)\r\n\tat org.openqa.selenium.remote.RemoteWebElement.clear(RemoteWebElement.java:129)\r\n\tat pages.BasePage.fillText(BasePage.java:82)\r\n\tat pages.publishAdWizard.Step4_page.selectDate(Step4_page.java:53)\r\n\tat tests.E2Etests.e2eTest_loginAndCreateAd(E2Etests.java:57)\r\n\tat java.base/jdk.internal.reflect.DirectMethodHandleAccessor.invoke(DirectMethodHandleAccessor.java:103)\r\n\tat java.base/java.lang.reflect.Method.invoke(Method.java:580)\r\n\tat org.testng.internal.invokers.MethodInvocationHelper.invokeMethod(MethodInvocationHelper.java:141)\r\n\tat org.testng.internal.invokers.TestInvoker.invokeMethod(TestInvoker.java:686)\r\n\tat org.testng.internal.invokers.TestInvoker.invokeTestMethod(TestInvoker.java:230)\r\n\tat org.testng.internal.invokers.MethodRunner.runInSequence(MethodRunner.java:63)\r\n\tat org.testng.internal.invokers.TestInvoker$MethodInvocationAgent.invoke(TestInvoker.java:992)\r\n\tat org.testng.internal.invokers.TestInvoker.invokeTestMethods(TestInvoker.java:203)\r\n\tat org.testng.internal.invokers.TestMethodWorker.invokeTestMethods(TestMethodWorker.java:154)\r\n\tat org.testng.internal.invokers.TestMethodWorker.run(TestMethodWorker.java:134)\r\n\tat java.base/java.util.ArrayList.forEach(ArrayList.java:1596)\r\n\tat org.testng.TestRunner.privateRun(TestRunner.java:739)\r\n\tat org.testng.TestRunner.run(TestRunner.java:614)\r\n\tat org.testng.SuiteRunner.runTest(SuiteRunner.java:421)\r\n\tat org.testng.SuiteRunner.runSequentially(SuiteRunner.java:413)\r\n\tat org.testng.SuiteRunner.privateRun(SuiteRunner.java:373)\r\n\tat org.testng.SuiteRunner.run(SuiteRunner.java:312)\r\n\tat org.testng.SuiteRunnerWorker.runSuite(SuiteRunnerWorker.java:52)\r\n\tat org.testng.SuiteRunnerWorker.run(SuiteRunnerWorker.java:95)\r\n\tat org.testng.TestNG.runSuitesSequentially(TestNG.java:1274)\r\n\tat org.testng.TestNG.runSuitesLocally(TestNG.java:1208)\r\n\tat org.testng.TestNG.runSuites(TestNG.java:1112)\r\n\tat org.testng.TestNG.run(TestNG.java:1079)\r\n\tat com.intellij.rt.testng.IDEARemoteTestNG.run(IDEARemoteTestNG.java:65)\r\n\tat com.intellij.rt.testng.RemoteTestNGStarter.main(RemoteTestNGStarter.java:105)\r\n"},"stage":"finished","description":"Test 1 - Login with a valid user, to the website and Create a new Ad","steps":[{"name":"Select a tab By giving his name","status":"passed","stage":"finished","steps":[],"attachments":[],"parameters":[{"name":"tabName","value":"מאגר דירות"}],"start":1739778501156,"stop":1739778502925},{"name":"Count the number of the Ads","status":"passed","stage":"finished","steps":[],"attachments":[],"parameters":[],"start":1739778502925,"stop":1739778502976},{"name":"Click on the 'Publish Ad' button","status":"passed","stage":"finished","steps":[],"attachments":[],"parameters":[],"start":1739778502977,"stop":1739778504969},{"name":"Select the type of the asset","status":"passed","stage":"finished","steps":[],"attachments":[],"parameters":[{"name":"typeValue","value":"דירת גן"}],"start":1739778504984,"stop":1739778506219},{"name":"Select the status of the asset","status":"passed","stage":"finished","steps":[],"attachments":[],"parameters":[{"name":"statusValue","value":"משופץ"}],"start":1739778506220,"stop":1739778506371},{"name":"Select a city and set streetName if required or select other city without street","status":"passed","stage":"finished","steps":[],"attachments":[],"parameters":[{"name":"cityNameValue","value":"כרמיאל"},{"name":"streetNameValue","value":"אשור"},{"name":"houseNumberValue","value":"24"}],"start":1739778506371,"stop":1739778507863},{"name":"Click on the Next button","status":"passed","stage":"finished","steps":[],"attachments":[],"parameters":[],"start":1739778507863,"stop":1739778508012},{"name":"Set the floor number","status":"passed","stage":"finished","steps":[],"attachments":[],"parameters":[{"name":"floorValue","value":"1"}],"start":1739778508032,"stop":1739778508294},{"name":"Set the value from 'which' floor","status":"passed","stage":"finished","steps":[],"attachments":[],"parameters":[{"name":"fromFloorValue","value":"2"}],"start":1739778508294,"stop":1739778508550},{"name":"Set number of the Rooms","status":"passed","stage":"finished","steps":[],"attachments":[],"parameters":[{"name":"numberOfRoomsValue","value":"4"}],"start":1739778508551,"stop":1739778508696},{"name":"Select the number of the traces","status":"passed","stage":"finished","steps":[],"attachments":[],"parameters":[{"name":"numberOfTerracesValue","value":"1"}],"start":1739778508696,"stop":1739778508824},{"name":"Select the number of the parkings","status":"passed","stage":"finished","steps":[],"attachments":[],"parameters":[{"name":"numberOfParkingsValue","value":"1"}],"start":1739778508824,"stop":1739778508936},{"name":"Set the built per Mr","status":"passed","stage":"finished","steps":[],"attachments":[],"parameters":[{"name":"builtMrValue","value":"120"}],"start":1739778508937,"stop":1739778509226},{"name":"Select if elevator is exist or not","status":"passed","stage":"finished","steps":[],"attachments":[],"parameters":[{"name":"elevatorValue","value":"עם"}],"start":1739778509226,"stop":1739778509331},{"name":"Click on the Next button","status":"passed","stage":"finished","steps":[],"attachments":[],"parameters":[],"start":1739778509331,"stop":1739778509506},{"name":"Select the Asset attribute by Giving the attribute name","status":"passed","stage":"finished","steps":[],"attachments":[],"parameters":[{"name":"attributeValue","value":"גישה לנכים"}],"start":1739778509516,"stop":1739778509677},{"name":"Select the Asset attribute by Giving the attribute name","status":"passed","stage":"finished","steps":[],"attachments":[],"parameters":[{"name":"attributeValue","value":"מטבח כשר"}],"start":1739778509678,"stop":1739778509901},{"name":"Select the Asset attribute by Giving the attribute name","status":"passed","stage":"finished","steps":[],"attachments":[],"parameters":[{"name":"attributeValue","value":"דוד שמש"}],"start":1739778509901,"stop":1739778510253},{"name":"Describe the asset","status":"passed","stage":"finished","steps":[],"attachments":[],"parameters":[{"name":"assetDescriptionText","value":"בדיקה 1 בדיקה 23"}],"start":1739778510254,"stop":1739778510439},{"name":"Click on theNext button","status":"passed","stage":"finished","steps":[],"attachments":[],"parameters":[],"start":1739778510439,"stop":1739778510593},{"name":"Set the number of payments","status":"passed","stage":"finished","steps":[],"attachments":[],"parameters":[{"name":"numberOfPaymentsValue","value":"12"}],"start":1739778510606,"stop":1739778510834},{"name":"Set the house commitment ['ועד בית']","status":"passed","stage":"finished","steps":[],"attachments":[],"parameters":[{"name":"houseCommitmentValue","value":"200"}],"start":1739778510834,"stop":1739778511018},{"name":"Set the asset tax ['ארנונה'] ","status":"passed","stage":"finished","steps":[],"attachments":[],"parameters":[{"name":"taxAssetValue","value":"600"}],"start":1739778511018,"stop":1739778511247},{"name":"Set the asset price","status":"passed","stage":"finished","steps":[],"attachments":[],"parameters":[{"name":"priceValue","value":"700000"}],"start":1739778511249,"stop":1739778511440},{"name":"Select an asset release date","status":"broken","statusDetails":{"known":false,"muted":false,"flaky":false,"message":"element not interactable\n  (Session info: chrome=133.0.6943.98)\nBuild info: version: '4.23.1', revision: '656257d8e9'\nSystem info: os.name: 'Windows 11', os.arch: 'amd64', os.version: '10.0', java.version: '21.0.6'\nDriver info: org.openqa.selenium.chrome.ChromeDriver\nCommand: [2dc4f1d3e93bff4bf7b993724b48cafb, clearElement {id=f.36300C7CCF87E232E50BFE3F436AC466.d.A9337B38DE3E73C50F36E25D7E435772.e.249}]\nCapabilities {acceptInsecureCerts: false, browserName: chrome, browserVersion: 133.0.6943.98, chrome: {chromedriverVersion: 133.0.6943.98 (da53563ceb66..., userDataDir: C:\\Users\\ASAFAH~1\\AppData\\L...}, fedcm:accounts: true, goog:chromeOptions: {debuggerAddress: localhost:58385}, networkConnectionEnabled: false, pageLoadStrategy: normal, platformName: windows, proxy: Proxy(), se:cdp: ws://localhost:58385/devtoo..., se:cdpVersion: 133.0.6943.98, setWindowRect: true, strictFileInteractability: false, timeouts: {implicit: 0, pageLoad: 300000, script: 30000}, unhandledPromptBehavior: dismiss and notify, webauthn:extension:credBlob: true, webauthn:extension:largeBlob: true, webauthn:extension:minPinLength: true, webauthn:extension:prf: true, webauthn:virtualAuthenticators: true}\nElement: [[ChromeDriver: chrome on windows (2dc4f1d3e93bff4bf7b993724b48cafb)] -> css selector: input[class='numInput cur-year']]\nSession ID: 2dc4f1d3e93bff4bf7b993724b48cafb","trace":"org.openqa.selenium.ElementNotInteractableException: element not interactable\n  (Session info: chrome=133.0.6943.98)\nBuild info: version: '4.23.1', revision: '656257d8e9'\nSystem info: os.name: 'Windows 11', os.arch: 'amd64', os.version: '10.0', java.version: '21.0.6'\nDriver info: org.openqa.selenium.chrome.ChromeDriver\nCommand: [2dc4f1d3e93bff4bf7b993724b48cafb, clearElement {id=f.36300C7CCF87E232E50BFE3F436AC466.d.A9337B38DE3E73C50F36E25D7E435772.e.249}]\nCapabilities {acceptInsecureCerts: false, browserName: chrome, browserVersion: 133.0.6943.98, chrome: {chromedriverVersion: 133.0.6943.98 (da53563ceb66..., userDataDir: C:\\Users\\ASAFAH~1\\AppData\\L...}, fedcm:accounts: true, goog:chromeOptions: {debuggerAddress: localhost:58385}, networkConnectionEnabled: false, pageLoadStrategy: normal, platformName: windows, proxy: Proxy(), se:cdp: ws://localhost:58385/devtoo..., se:cdpVersion: 133.0.6943.98, setWindowRect: true, strictFileInteractability: false, timeouts: {implicit: 0, pageLoad: 300000, script: 30000}, unhandledPromptBehavior: dismiss and notify, webauthn:extension:credBlob: true, webauthn:extension:largeBlob: true, webauthn:extension:minPinLength: true, webauthn:extension:prf: true, webauthn:virtualAuthenticators: true}\nElement: [[ChromeDriver: chrome on windows (2dc4f1d3e93bff4bf7b993724b48cafb)] -> css selector: input[class='numInput cur-year']]\nSession ID: 2dc4f1d3e93bff4bf7b993724b48cafb\r\n\tat java.base/jdk.internal.reflect.DirectConstructorHandleAccessor.newInstance(DirectConstructorHandleAccessor.java:62)\r\n\tat java.base/java.lang.reflect.Constructor.newInstanceWithCaller(Constructor.java:502)\r\n\tat java.base/java.lang.reflect.Constructor.newInstance(Constructor.java:486)\r\n\tat org.openqa.selenium.remote.ErrorCodec.decode(ErrorCodec.java:167)\r\n\tat org.openqa.selenium.remote.codec.w3c.W3CHttpResponseCodec.decode(W3CHttpResponseCodec.java:138)\r\n\tat org.openqa.selenium.remote.codec.w3c.W3CHttpResponseCodec.decode(W3CHttpResponseCodec.java:50)\r\n\tat org.openqa.selenium.remote.HttpCommandExecutor.execute(HttpCommandExecutor.java:190)\r\n\tat org.openqa.selenium.remote.service.DriverCommandExecutor.invokeExecute(DriverCommandExecutor.java:216)\r\n\tat org.openqa.selenium.remote.service.DriverCommandExecutor.execute(DriverCommandExecutor.java:174)\r\n\tat org.openqa.selenium.remote.RemoteWebDriver.execute(RemoteWebDriver.java:545)\r\n\tat org.openqa.selenium.remote.RemoteWebElement.execute(RemoteWebElement.java:223)\r\n\tat org.openqa.selenium.remote.RemoteWebElement.clear(RemoteWebElement.java:129)\r\n\tat pages.BasePage.fillText(BasePage.java:82)\r\n\tat pages.publishAdWizard.Step4_page.selectDate(Step4_page.java:53)\r\n\tat tests.E2Etests.e2eTest_loginAndCreateAd(E2Etests.java:57)\r\n\tat java.base/jdk.internal.reflect.DirectMethodHandleAccessor.invoke(DirectMethodHandleAccessor.java:103)\r\n\tat java.base/java.lang.reflect.Method.invoke(Method.java:580)\r\n\tat org.testng.internal.invokers.MethodInvocationHelper.invokeMethod(MethodInvocationHelper.java:141)\r\n\tat org.testng.internal.invokers.TestInvoker.invokeMethod(TestInvoker.java:686)\r\n\tat org.testng.internal.invokers.TestInvoker.invokeTestMethod(TestInvoker.java:230)\r\n\tat org.testng.internal.invokers.MethodRunner.runInSequence(MethodRunner.java:63)\r\n\tat org.testng.internal.invokers.TestInvoker$MethodInvocationAgent.invoke(TestInvoker.java:992)\r\n\tat org.testng.internal.invokers.TestInvoker.invokeTestMethods(TestInvoker.java:203)\r\n\tat org.testng.internal.invokers.TestMethodWorker.invokeTestMethods(TestMethodWorker.java:154)\r\n\tat org.testng.internal.invokers.TestMethodWorker.run(TestMethodWorker.java:134)\r\n\tat java.base/java.util.ArrayList.forEach(ArrayList.java:1596)\r\n\tat org.testng.TestRunner.privateRun(TestRunner.java:739)\r\n\tat org.testng.TestRunner.run(TestRunner.java:614)\r\n\tat org.testng.SuiteRunner.runTest(SuiteRunner.java:421)\r\n\tat org.testng.SuiteRunner.runSequentially(SuiteRunner.java:413)\r\n\tat org.testng.SuiteRunner.privateRun(SuiteRunner.java:373)\r\n\tat org.testng.SuiteRunner.run(SuiteRunner.java:312)\r\n\tat org.testng.SuiteRunnerWorker.runSuite(SuiteRunnerWorker.java:52)\r\n\tat org.testng.SuiteRunnerWorker.run(SuiteRunnerWorker.java:95)\r\n\tat org.testng.TestNG.runSuitesSequentially(TestNG.java:1274)\r\n\tat org.testng.TestNG.runSuitesLocally(TestNG.java:1208)\r\n\tat org.testng.TestNG.runSuites(TestNG.java:1112)\r\n\tat org.testng.TestNG.run(TestNG.java:1079)\r\n\tat com.intellij.rt.testng.IDEARemoteTestNG.run(IDEARemoteTestNG.java:65)\r\n\tat com.intellij.rt.testng.RemoteTestNGStarter.main(RemoteTestNGStarter.java:105)\r\n"},"stage":"finished","steps":[],"attachments":[],"parameters":[{"name":"year","value":"2025"},{"name":"month","value":"November"},{"name":"day","value":"29"}],"start":1739778511441,"stop":1739778516754}],"attachments":[],"parameters":[],"start":1739778501135,"stop":1739778516772}