{"uuid":"a90596e2-aff6-4802-946e-036f2e286484","historyId":"8c5b3c1a7dcf78d58e9c48aebc40481e","fullName":"tests.E2Etests.e2eTest_loginAndCreateAd","labels":[{"name":"package","value":"tests.E2Etests"},{"name":"testClass","value":"tests.E2Etests"},{"name":"testMethod","value":"e2eTest_loginAndCreateAd"},{"name":"parentSuite","value":"Default Suite"},{"name":"suite","value":"KaleidoHomePractice"},{"name":"subSuite","value":"tests.E2Etests"},{"name":"host","value":"DESKTOP-7K9OJ2H"},{"name":"thread","value":"20088@DESKTOP-7K9OJ2H.main(1)"},{"name":"framework","value":"testng"},{"name":"language","value":"java"}],"links":[],"name":"e2eTest_loginAndCreateAd","status":"broken","statusDetails":{"known":false,"muted":false,"flaky":false,"message":"Expected condition failed: waiting for element to be clickable: [[ChromeDriver: chrome on windows (407af4a47cbab904d17afef50c95b2e1)] -> css selector: input[class='numInput cur-year']] (tried for 20 second(s) with 500 milliseconds interval)\nBuild info: version: '4.23.1', revision: '656257d8e9'\nSystem info: os.name: 'Windows 11', os.arch: 'amd64', os.version: '10.0', java.version: '21.0.3'\nDriver info: org.openqa.selenium.chrome.ChromeDriver\nCapabilities {acceptInsecureCerts: false, browserName: chrome, browserVersion: 132.0.6834.196, chrome: {chromedriverVersion: 132.0.6834.159 (2d77d3fc445..., userDataDir: C:\\Users\\USER\\AppData\\Local...}, fedcm:accounts: true, goog:chromeOptions: {debuggerAddress: localhost:50344}, networkConnectionEnabled: false, pageLoadStrategy: normal, platformName: windows, proxy: Proxy(), se:cdp: ws://localhost:50344/devtoo..., se:cdpVersion: 132.0.6834.196, setWindowRect: true, strictFileInteractability: false, timeouts: {implicit: 0, pageLoad: 300000, script: 30000}, unhandledPromptBehavior: dismiss and notify, webauthn:extension:credBlob: true, webauthn:extension:largeBlob: true, webauthn:extension:minPinLength: true, webauthn:extension:prf: true, webauthn:virtualAuthenticators: true}\nSession ID: 407af4a47cbab904d17afef50c95b2e1","trace":"org.openqa.selenium.TimeoutException: Expected condition failed: waiting for element to be clickable: [[ChromeDriver: chrome on windows (407af4a47cbab904d17afef50c95b2e1)] -> css selector: input[class='numInput cur-year']] (tried for 20 second(s) with 500 milliseconds interval)\nBuild info: version: '4.23.1', revision: '656257d8e9'\nSystem info: os.name: 'Windows 11', os.arch: 'amd64', os.version: '10.0', java.version: '21.0.3'\nDriver info: org.openqa.selenium.chrome.ChromeDriver\nCapabilities {acceptInsecureCerts: false, browserName: chrome, browserVersion: 132.0.6834.196, chrome: {chromedriverVersion: 132.0.6834.159 (2d77d3fc445..., userDataDir: C:\\Users\\USER\\AppData\\Local...}, fedcm:accounts: true, goog:chromeOptions: {debuggerAddress: localhost:50344}, networkConnectionEnabled: false, pageLoadStrategy: normal, platformName: windows, proxy: Proxy(), se:cdp: ws://localhost:50344/devtoo..., se:cdpVersion: 132.0.6834.196, setWindowRect: true, strictFileInteractability: false, timeouts: {implicit: 0, pageLoad: 300000, script: 30000}, unhandledPromptBehavior: dismiss and notify, webauthn:extension:credBlob: true, webauthn:extension:largeBlob: true, webauthn:extension:minPinLength: true, webauthn:extension:prf: true, webauthn:virtualAuthenticators: true}\nSession ID: 407af4a47cbab904d17afef50c95b2e1\r\n\tat org.openqa.selenium.support.ui.WebDriverWait.timeoutException(WebDriverWait.java:84)\r\n\tat org.openqa.selenium.support.ui.FluentWait.until(FluentWait.java:228)\r\n\tat pages.BasePage.waitForElement(BasePage.java:24)\r\n\tat pages.BasePage.fillText(BasePage.java:49)\r\n\tat pages.publishAdWizard.Step4_page.selectDate(Step4_page.java:48)\r\n\tat tests.E2Etests.e2eTest_loginAndCreateAd(E2Etests.java:56)\r\n\tat java.base/jdk.internal.reflect.DirectMethodHandleAccessor.invoke(DirectMethodHandleAccessor.java:103)\r\n\tat java.base/java.lang.reflect.Method.invoke(Method.java:580)\r\n\tat org.testng.internal.invokers.MethodInvocationHelper.invokeMethod(MethodInvocationHelper.java:141)\r\n\tat org.testng.internal.invokers.TestInvoker.invokeMethod(TestInvoker.java:686)\r\n\tat org.testng.internal.invokers.TestInvoker.invokeTestMethod(TestInvoker.java:230)\r\n\tat org.testng.internal.invokers.MethodRunner.runInSequence(MethodRunner.java:63)\r\n\tat org.testng.internal.invokers.TestInvoker$MethodInvocationAgent.invoke(TestInvoker.java:992)\r\n\tat org.testng.internal.invokers.TestInvoker.invokeTestMethods(TestInvoker.java:203)\r\n\tat org.testng.internal.invokers.TestMethodWorker.invokeTestMethods(TestMethodWorker.java:154)\r\n\tat org.testng.internal.invokers.TestMethodWorker.run(TestMethodWorker.java:134)\r\n\tat java.base/java.util.ArrayList.forEach(ArrayList.java:1596)\r\n\tat org.testng.TestRunner.privateRun(TestRunner.java:739)\r\n\tat org.testng.TestRunner.run(TestRunner.java:614)\r\n\tat org.testng.SuiteRunner.runTest(SuiteRunner.java:421)\r\n\tat org.testng.SuiteRunner.runSequentially(SuiteRunner.java:413)\r\n\tat org.testng.SuiteRunner.privateRun(SuiteRunner.java:373)\r\n\tat org.testng.SuiteRunner.run(SuiteRunner.java:312)\r\n\tat org.testng.SuiteRunnerWorker.runSuite(SuiteRunnerWorker.java:52)\r\n\tat org.testng.SuiteRunnerWorker.run(SuiteRunnerWorker.java:95)\r\n\tat org.testng.TestNG.runSuitesSequentially(TestNG.java:1274)\r\n\tat org.testng.TestNG.runSuitesLocally(TestNG.java:1208)\r\n\tat org.testng.TestNG.runSuites(TestNG.java:1112)\r\n\tat org.testng.TestNG.run(TestNG.java:1079)\r\n\tat com.intellij.rt.testng.IDEARemoteTestNG.run(IDEARemoteTestNG.java:65)\r\n\tat com.intellij.rt.testng.RemoteTestNGStarter.main(RemoteTestNGStarter.java:105)\r\n"},"stage":"finished","description":"Test 1 - Login with a valid user, to the website and Create a new Ad","steps":[{"name":"Counting the Ads number, before starting the flow and storing the Ads number","status":"passed","stage":"finished","steps":[],"attachments":[],"parameters":[],"start":1739644739091,"stop":1739644739114},{"name":"Click on the 'Publish Ad' button","status":"passed","stage":"finished","steps":[],"attachments":[],"parameters":[],"start":1739644739114,"stop":1739644740952},{"name":"Select the type of the asset","status":"passed","stage":"finished","steps":[],"attachments":[],"parameters":[{"name":"typeValue","value":"דירה"}],"start":1739644740958,"stop":1739644742076},{"name":"Select the status of the asset","status":"passed","stage":"finished","steps":[],"attachments":[],"parameters":[{"name":"statusValue","value":"משופץ"}],"start":1739644742076,"stop":1739644742164},{"name":"Select a city and set streetName if required or select other city without street","status":"passed","stage":"finished","steps":[],"attachments":[],"parameters":[{"name":"cityNameValue","value":"כרמיאל"},{"name":"streetNameValue","value":"אשחר"},{"name":"houseNumberValue","value":"36"}],"start":1739644742164,"stop":1739644743534},{"name":"Click on the Next button","status":"passed","stage":"finished","steps":[],"attachments":[],"parameters":[],"start":1739644743534,"stop":1739644743675},{"name":"Set the floor number","status":"passed","stage":"finished","steps":[],"attachments":[],"parameters":[{"name":"floorValue","value":"1"}],"start":1739644743675,"stop":1739644743824},{"name":"Set the value from 'which' floor","status":"passed","stage":"finished","steps":[],"attachments":[],"parameters":[{"name":"fromFloorValue","value":"2"}],"start":1739644743824,"stop":1739644744008},{"name":"Set number of the Rooms","status":"passed","stage":"finished","steps":[],"attachments":[],"parameters":[{"name":"numberOfRoomsValue","value":"4"}],"start":1739644744008,"stop":1739644744120},{"name":"Select the number of the traces","status":"passed","stage":"finished","steps":[],"attachments":[],"parameters":[{"name":"numberOfTerracesValue","value":"1"}],"start":1739644744120,"stop":1739644744224},{"name":"Select the number of the parkings","status":"passed","stage":"finished","steps":[],"attachments":[],"parameters":[{"name":"numberOfParkingsValue","value":"1"}],"start":1739644744224,"stop":1739644744331},{"name":"Set the built per Mr","status":"passed","stage":"finished","steps":[],"attachments":[],"parameters":[{"name":"builtMrValue","value":"120"}],"start":1739644744331,"stop":1739644744514},{"name":"Select if elevator is exist or not","status":"passed","stage":"finished","steps":[],"attachments":[],"parameters":[{"name":"elevatorValue","value":"עם"}],"start":1739644744514,"stop":1739644744614},{"name":"Click on the Next button","status":"passed","stage":"finished","steps":[],"attachments":[],"parameters":[],"start":1739644744614,"stop":1739644744740},{"name":"Add the 'Access For Cripples' option","status":"passed","stage":"finished","steps":[],"attachments":[],"parameters":[],"start":1739644744740,"stop":1739644744907},{"name":"Add the 'Air Condition' option","status":"passed","stage":"finished","steps":[],"attachments":[],"parameters":[],"start":1739644744907,"stop":1739644745051},{"name":"Add the 'Kosher Kitchen' option","status":"passed","stage":"finished","steps":[],"attachments":[],"parameters":[],"start":1739644745051,"stop":1739644745175},{"name":"Describe the asset","status":"passed","stage":"finished","steps":[],"attachments":[],"parameters":[{"name":"assetDescriptionText","value":"בדיקה 1 בדיקה 2 בדיקה 3"}],"start":1739644745176,"stop":1739644745324},{"name":"Click on theNext button","status":"passed","stage":"finished","steps":[],"attachments":[],"parameters":[],"start":1739644745324,"stop":1739644745464},{"name":"Set the number of payments","status":"passed","stage":"finished","steps":[],"attachments":[],"parameters":[{"name":"numberOfPaymentsValue","value":"12"}],"start":1739644745464,"stop":1739644745674},{"name":"Set the house commitment ['ועד בית']","status":"passed","stage":"finished","steps":[],"attachments":[],"parameters":[{"name":"houseCommitmentValue","value":"200"}],"start":1739644745674,"stop":1739644745824},{"name":"Set the asset tax ['ארנונה'] ","status":"passed","stage":"finished","steps":[],"attachments":[],"parameters":[{"name":"taxAssetValue","value":"600"}],"start":1739644745824,"stop":1739644745972},{"name":"Set the asset price","status":"passed","stage":"finished","steps":[],"attachments":[],"parameters":[{"name":"priceValue","value":"700000"}],"start":1739644745972,"stop":1739644746114},{"name":"Select an asset release date","status":"broken","statusDetails":{"known":false,"muted":false,"flaky":false,"message":"Expected condition failed: waiting for element to be clickable: [[ChromeDriver: chrome on windows (407af4a47cbab904d17afef50c95b2e1)] -> css selector: input[class='numInput cur-year']] (tried for 20 second(s) with 500 milliseconds interval)\nBuild info: version: '4.23.1', revision: '656257d8e9'\nSystem info: os.name: 'Windows 11', os.arch: 'amd64', os.version: '10.0', java.version: '21.0.3'\nDriver info: org.openqa.selenium.chrome.ChromeDriver\nCapabilities {acceptInsecureCerts: false, browserName: chrome, browserVersion: 132.0.6834.196, chrome: {chromedriverVersion: 132.0.6834.159 (2d77d3fc445..., userDataDir: C:\\Users\\USER\\AppData\\Local...}, fedcm:accounts: true, goog:chromeOptions: {debuggerAddress: localhost:50344}, networkConnectionEnabled: false, pageLoadStrategy: normal, platformName: windows, proxy: Proxy(), se:cdp: ws://localhost:50344/devtoo..., se:cdpVersion: 132.0.6834.196, setWindowRect: true, strictFileInteractability: false, timeouts: {implicit: 0, pageLoad: 300000, script: 30000}, unhandledPromptBehavior: dismiss and notify, webauthn:extension:credBlob: true, webauthn:extension:largeBlob: true, webauthn:extension:minPinLength: true, webauthn:extension:prf: true, webauthn:virtualAuthenticators: true}\nSession ID: 407af4a47cbab904d17afef50c95b2e1","trace":"org.openqa.selenium.TimeoutException: Expected condition failed: waiting for element to be clickable: [[ChromeDriver: chrome on windows (407af4a47cbab904d17afef50c95b2e1)] -> css selector: input[class='numInput cur-year']] (tried for 20 second(s) with 500 milliseconds interval)\nBuild info: version: '4.23.1', revision: '656257d8e9'\nSystem info: os.name: 'Windows 11', os.arch: 'amd64', os.version: '10.0', java.version: '21.0.3'\nDriver info: org.openqa.selenium.chrome.ChromeDriver\nCapabilities {acceptInsecureCerts: false, browserName: chrome, browserVersion: 132.0.6834.196, chrome: {chromedriverVersion: 132.0.6834.159 (2d77d3fc445..., userDataDir: C:\\Users\\USER\\AppData\\Local...}, fedcm:accounts: true, goog:chromeOptions: {debuggerAddress: localhost:50344}, networkConnectionEnabled: false, pageLoadStrategy: normal, platformName: windows, proxy: Proxy(), se:cdp: ws://localhost:50344/devtoo..., se:cdpVersion: 132.0.6834.196, setWindowRect: true, strictFileInteractability: false, timeouts: {implicit: 0, pageLoad: 300000, script: 30000}, unhandledPromptBehavior: dismiss and notify, webauthn:extension:credBlob: true, webauthn:extension:largeBlob: true, webauthn:extension:minPinLength: true, webauthn:extension:prf: true, webauthn:virtualAuthenticators: true}\nSession ID: 407af4a47cbab904d17afef50c95b2e1\r\n\tat org.openqa.selenium.support.ui.WebDriverWait.timeoutException(WebDriverWait.java:84)\r\n\tat org.openqa.selenium.support.ui.FluentWait.until(FluentWait.java:228)\r\n\tat pages.BasePage.waitForElement(BasePage.java:24)\r\n\tat pages.BasePage.fillText(BasePage.java:49)\r\n\tat pages.publishAdWizard.Step4_page.selectDate(Step4_page.java:48)\r\n\tat tests.E2Etests.e2eTest_loginAndCreateAd(E2Etests.java:56)\r\n\tat java.base/jdk.internal.reflect.DirectMethodHandleAccessor.invoke(DirectMethodHandleAccessor.java:103)\r\n\tat java.base/java.lang.reflect.Method.invoke(Method.java:580)\r\n\tat org.testng.internal.invokers.MethodInvocationHelper.invokeMethod(MethodInvocationHelper.java:141)\r\n\tat org.testng.internal.invokers.TestInvoker.invokeMethod(TestInvoker.java:686)\r\n\tat org.testng.internal.invokers.TestInvoker.invokeTestMethod(TestInvoker.java:230)\r\n\tat org.testng.internal.invokers.MethodRunner.runInSequence(MethodRunner.java:63)\r\n\tat org.testng.internal.invokers.TestInvoker$MethodInvocationAgent.invoke(TestInvoker.java:992)\r\n\tat org.testng.internal.invokers.TestInvoker.invokeTestMethods(TestInvoker.java:203)\r\n\tat org.testng.internal.invokers.TestMethodWorker.invokeTestMethods(TestMethodWorker.java:154)\r\n\tat org.testng.internal.invokers.TestMethodWorker.run(TestMethodWorker.java:134)\r\n\tat java.base/java.util.ArrayList.forEach(ArrayList.java:1596)\r\n\tat org.testng.TestRunner.privateRun(TestRunner.java:739)\r\n\tat org.testng.TestRunner.run(TestRunner.java:614)\r\n\tat org.testng.SuiteRunner.runTest(SuiteRunner.java:421)\r\n\tat org.testng.SuiteRunner.runSequentially(SuiteRunner.java:413)\r\n\tat org.testng.SuiteRunner.privateRun(SuiteRunner.java:373)\r\n\tat org.testng.SuiteRunner.run(SuiteRunner.java:312)\r\n\tat org.testng.SuiteRunnerWorker.runSuite(SuiteRunnerWorker.java:52)\r\n\tat org.testng.SuiteRunnerWorker.run(SuiteRunnerWorker.java:95)\r\n\tat org.testng.TestNG.runSuitesSequentially(TestNG.java:1274)\r\n\tat org.testng.TestNG.runSuitesLocally(TestNG.java:1208)\r\n\tat org.testng.TestNG.runSuites(TestNG.java:1112)\r\n\tat org.testng.TestNG.run(TestNG.java:1079)\r\n\tat com.intellij.rt.testng.IDEARemoteTestNG.run(IDEARemoteTestNG.java:65)\r\n\tat com.intellij.rt.testng.RemoteTestNGStarter.main(RemoteTestNGStarter.java:105)\r\n"},"stage":"finished","steps":[],"attachments":[],"parameters":[{"name":"year","value":"2025"},{"name":"month","value":"December"},{"name":"day","value":"31"}],"start":1739644746114,"stop":1739644766637}],"attachments":[],"parameters":[],"start":1739644739014,"stop":1739644766637}