{"uuid":"c29615d8-0809-4c93-b939-c439644fb2b2","historyId":"8c5b3c1a7dcf78d58e9c48aebc40481e","fullName":"tests.E2Etests.e2eTest_loginAndCreateAd","labels":[{"name":"package","value":"tests.E2Etests"},{"name":"testClass","value":"tests.E2Etests"},{"name":"testMethod","value":"e2eTest_loginAndCreateAd"},{"name":"parentSuite","value":"Default Suite"},{"name":"suite","value":"KalDemo-project-main"},{"name":"subSuite","value":"tests.E2Etests"},{"name":"host","value":"ASAF-PC"},{"name":"thread","value":"5592@ASAF-PC.main(1)"},{"name":"framework","value":"testng"},{"name":"language","value":"java"}],"links":[],"name":"e2eTest_loginAndCreateAd","status":"broken","statusDetails":{"known":false,"muted":false,"flaky":false,"message":"invalid session id: session deleted as the browser has closed the connection\nfrom disconnected: not connected to DevTools\n  (Session info: chrome=133.0.6943.98)\nBuild info: version: '4.23.1', revision: '656257d8e9'\nSystem info: os.name: 'Windows 11', os.arch: 'amd64', os.version: '10.0', java.version: '21.0.6'\nDriver info: org.openqa.selenium.chrome.ChromeDriver\nCommand: [9b5b808ba0e5d3227cdedc7d11681683, findElement {value=[name='tax_asset'], using=css selector}]\nCapabilities {acceptInsecureCerts: false, browserName: chrome, browserVersion: 133.0.6943.98, chrome: {chromedriverVersion: 133.0.6943.98 (da53563ceb66..., userDataDir: C:\\Users\\ASAFAH~1\\AppData\\L...}, fedcm:accounts: true, goog:chromeOptions: {debuggerAddress: localhost:54055}, networkConnectionEnabled: false, pageLoadStrategy: normal, platformName: windows, proxy: Proxy(), se:cdp: ws://localhost:54055/devtoo..., se:cdpVersion: 133.0.6943.98, setWindowRect: true, strictFileInteractability: false, timeouts: {implicit: 0, pageLoad: 300000, script: 30000}, unhandledPromptBehavior: dismiss and notify, webauthn:extension:credBlob: true, webauthn:extension:largeBlob: true, webauthn:extension:minPinLength: true, webauthn:extension:prf: true, webauthn:virtualAuthenticators: true}\nSession ID: 9b5b808ba0e5d3227cdedc7d11681683","trace":"org.openqa.selenium.NoSuchSessionException: invalid session id: session deleted as the browser has closed the connection\nfrom disconnected: not connected to DevTools\n  (Session info: chrome=133.0.6943.98)\nBuild info: version: '4.23.1', revision: '656257d8e9'\nSystem info: os.name: 'Windows 11', os.arch: 'amd64', os.version: '10.0', java.version: '21.0.6'\nDriver info: org.openqa.selenium.chrome.ChromeDriver\nCommand: [9b5b808ba0e5d3227cdedc7d11681683, findElement {value=[name='tax_asset'], using=css selector}]\nCapabilities {acceptInsecureCerts: false, browserName: chrome, browserVersion: 133.0.6943.98, chrome: {chromedriverVersion: 133.0.6943.98 (da53563ceb66..., userDataDir: C:\\Users\\ASAFAH~1\\AppData\\L...}, fedcm:accounts: true, goog:chromeOptions: {debuggerAddress: localhost:54055}, networkConnectionEnabled: false, pageLoadStrategy: normal, platformName: windows, proxy: Proxy(), se:cdp: ws://localhost:54055/devtoo..., se:cdpVersion: 133.0.6943.98, setWindowRect: true, strictFileInteractability: false, timeouts: {implicit: 0, pageLoad: 300000, script: 30000}, unhandledPromptBehavior: dismiss and notify, webauthn:extension:credBlob: true, webauthn:extension:largeBlob: true, webauthn:extension:minPinLength: true, webauthn:extension:prf: true, webauthn:virtualAuthenticators: true}\nSession ID: 9b5b808ba0e5d3227cdedc7d11681683\r\n\tat java.base/jdk.internal.reflect.DirectConstructorHandleAccessor.newInstance(DirectConstructorHandleAccessor.java:62)\r\n\tat java.base/java.lang.reflect.Constructor.newInstanceWithCaller(Constructor.java:502)\r\n\tat java.base/java.lang.reflect.Constructor.newInstance(Constructor.java:486)\r\n\tat org.openqa.selenium.remote.ErrorCodec.decode(ErrorCodec.java:167)\r\n\tat org.openqa.selenium.remote.codec.w3c.W3CHttpResponseCodec.decode(W3CHttpResponseCodec.java:138)\r\n\tat org.openqa.selenium.remote.codec.w3c.W3CHttpResponseCodec.decode(W3CHttpResponseCodec.java:50)\r\n\tat org.openqa.selenium.remote.HttpCommandExecutor.execute(HttpCommandExecutor.java:190)\r\n\tat org.openqa.selenium.remote.service.DriverCommandExecutor.invokeExecute(DriverCommandExecutor.java:216)\r\n\tat org.openqa.selenium.remote.service.DriverCommandExecutor.execute(DriverCommandExecutor.java:174)\r\n\tat org.openqa.selenium.remote.RemoteWebDriver.execute(RemoteWebDriver.java:545)\r\n\tat org.openqa.selenium.remote.ElementLocation$ElementFinder$2.findElement(ElementLocation.java:165)\r\n\tat org.openqa.selenium.remote.ElementLocation.findElement(ElementLocation.java:59)\r\n\tat org.openqa.selenium.remote.RemoteWebDriver.findElement(RemoteWebDriver.java:368)\r\n\tat org.openqa.selenium.remote.RemoteWebDriver.findElement(RemoteWebDriver.java:362)\r\n\tat org.openqa.selenium.support.pagefactory.DefaultElementLocator.findElement(DefaultElementLocator.java:68)\r\n\tat org.openqa.selenium.support.pagefactory.internal.LocatingElementHandler.invoke(LocatingElementHandler.java:38)\r\n\tat jdk.proxy2/jdk.proxy2.$Proxy13.isDisplayed(Unknown Source)\r\n\tat org.openqa.selenium.support.ui.ExpectedConditions.elementIfVisible(ExpectedConditions.java:304)\r\n\tat org.openqa.selenium.support.ui.ExpectedConditions$10.apply(ExpectedConditions.java:290)\r\n\tat org.openqa.selenium.support.ui.ExpectedConditions$10.apply(ExpectedConditions.java:287)\r\n\tat org.openqa.selenium.support.ui.ExpectedConditions$23.apply(ExpectedConditions.java:656)\r\n\tat org.openqa.selenium.support.ui.ExpectedConditions$23.apply(ExpectedConditions.java:652)\r\n\tat org.openqa.selenium.support.ui.FluentWait.until(FluentWait.java:203)\r\n\tat pages.BasePage.waitForElement(BasePage.java:54)\r\n\tat pages.BasePage.fillText(BasePage.java:80)\r\n\tat pages.publishAdWizard.Step4_page.setTaxAsset(Step4_page.java:42)\r\n\tat tests.E2Etests.e2eTest_loginAndCreateAd(E2Etests.java:60)\r\n\tat java.base/jdk.internal.reflect.DirectMethodHandleAccessor.invoke(DirectMethodHandleAccessor.java:103)\r\n\tat java.base/java.lang.reflect.Method.invoke(Method.java:580)\r\n\tat org.testng.internal.invokers.MethodInvocationHelper.invokeMethod(MethodInvocationHelper.java:141)\r\n\tat org.testng.internal.invokers.TestInvoker.invokeMethod(TestInvoker.java:686)\r\n\tat org.testng.internal.invokers.TestInvoker.invokeTestMethod(TestInvoker.java:230)\r\n\tat org.testng.internal.invokers.MethodRunner.runInSequence(MethodRunner.java:63)\r\n\tat org.testng.internal.invokers.TestInvoker$MethodInvocationAgent.invoke(TestInvoker.java:992)\r\n\tat org.testng.internal.invokers.TestInvoker.invokeTestMethods(TestInvoker.java:203)\r\n\tat org.testng.internal.invokers.TestMethodWorker.invokeTestMethods(TestMethodWorker.java:154)\r\n\tat org.testng.internal.invokers.TestMethodWorker.run(TestMethodWorker.java:134)\r\n\tat java.base/java.util.ArrayList.forEach(ArrayList.java:1596)\r\n\tat org.testng.TestRunner.privateRun(TestRunner.java:739)\r\n\tat org.testng.TestRunner.run(TestRunner.java:614)\r\n\tat org.testng.SuiteRunner.runTest(SuiteRunner.java:421)\r\n\tat org.testng.SuiteRunner.runSequentially(SuiteRunner.java:413)\r\n\tat org.testng.SuiteRunner.privateRun(SuiteRunner.java:373)\r\n\tat org.testng.SuiteRunner.run(SuiteRunner.java:312)\r\n\tat org.testng.SuiteRunnerWorker.runSuite(SuiteRunnerWorker.java:52)\r\n\tat org.testng.SuiteRunnerWorker.run(SuiteRunnerWorker.java:95)\r\n\tat org.testng.TestNG.runSuitesSequentially(TestNG.java:1274)\r\n\tat org.testng.TestNG.runSuitesLocally(TestNG.java:1208)\r\n\tat org.testng.TestNG.runSuites(TestNG.java:1112)\r\n\tat org.testng.TestNG.run(TestNG.java:1079)\r\n\tat com.intellij.rt.testng.IDEARemoteTestNG.run(IDEARemoteTestNG.java:65)\r\n\tat com.intellij.rt.testng.RemoteTestNGStarter.main(RemoteTestNGStarter.java:105)\r\n"},"stage":"finished","description":"Test 1 - Login with a valid user, to the website and Create a new Ad","steps":[{"name":"Select a tab By giving his name","status":"passed","stage":"finished","steps":[],"attachments":[],"parameters":[{"name":"tabName","value":"מאגר דירות"}],"start":1739691663031,"stop":1739691664355},{"name":"Count the number of the Ads","status":"passed","stage":"finished","steps":[],"attachments":[],"parameters":[],"start":1739691664355,"stop":1739691664386},{"name":"Click on the 'Publish Ad' button","status":"passed","stage":"finished","steps":[],"attachments":[],"parameters":[],"start":1739691664388,"stop":1739691666304},{"name":"Select the type of the asset","status":"passed","stage":"finished","steps":[],"attachments":[],"parameters":[{"name":"typeValue","value":"דירת גן"}],"start":1739691666304,"stop":1739691667517},{"name":"Select the status of the asset","status":"passed","stage":"finished","steps":[],"attachments":[],"parameters":[{"name":"statusValue","value":"משופץ"}],"start":1739691667518,"stop":1739691667621},{"name":"Select a city and set streetName if required or select other city without street","status":"passed","stage":"finished","steps":[],"attachments":[],"parameters":[{"name":"cityNameValue","value":"כרמיאל"},{"name":"streetNameValue","value":"אשור"},{"name":"houseNumberValue","value":"24"}],"start":1739691667621,"stop":1739691669127},{"name":"Click on the Next button","status":"passed","stage":"finished","steps":[],"attachments":[],"parameters":[],"start":1739691669127,"stop":1739691669292},{"name":"Set the floor number","status":"passed","stage":"finished","steps":[],"attachments":[],"parameters":[{"name":"floorValue","value":"1"}],"start":1739691669292,"stop":1739691669512},{"name":"Set the value from 'which' floor","status":"passed","stage":"finished","steps":[],"attachments":[],"parameters":[{"name":"fromFloorValue","value":"2"}],"start":1739691669513,"stop":1739691669716},{"name":"Set number of the Rooms","status":"passed","stage":"finished","steps":[],"attachments":[],"parameters":[{"name":"numberOfRoomsValue","value":"4"}],"start":1739691669716,"stop":1739691669842},{"name":"Select the number of the traces","status":"passed","stage":"finished","steps":[],"attachments":[],"parameters":[{"name":"numberOfTerracesValue","value":"1"}],"start":1739691669842,"stop":1739691669952},{"name":"Select the number of the parkings","status":"passed","stage":"finished","steps":[],"attachments":[],"parameters":[{"name":"numberOfParkingsValue","value":"1"}],"start":1739691669952,"stop":1739691670067},{"name":"Set the built per Mr","status":"passed","stage":"finished","steps":[],"attachments":[],"parameters":[{"name":"builtMrValue","value":"120"}],"start":1739691670067,"stop":1739691670267},{"name":"Select if elevator is exist or not","status":"passed","stage":"finished","steps":[],"attachments":[],"parameters":[{"name":"elevatorValue","value":"עם"}],"start":1739691670267,"stop":1739691670406},{"name":"Click on the Next button","status":"passed","stage":"finished","steps":[],"attachments":[],"parameters":[],"start":1739691670408,"stop":1739691670589},{"name":"Select the Asset attribute","status":"passed","stage":"finished","steps":[],"attachments":[],"parameters":[{"name":"attributeValue","value":"גישה לנכים"}],"start":1739691670590,"stop":1739691670932},{"name":"Select the Asset attribute","status":"passed","stage":"finished","steps":[],"attachments":[],"parameters":[{"name":"attributeValue","value":"מטבח כשר"}],"start":1739691670932,"stop":1739691671218},{"name":"Select the Asset attribute","status":"passed","stage":"finished","steps":[],"attachments":[],"parameters":[{"name":"attributeValue","value":"דוד שמש"}],"start":1739691671218,"stop":1739691671528},{"name":"Describe the asset","status":"passed","stage":"finished","steps":[],"attachments":[],"parameters":[{"name":"assetDescriptionText","value":"בדיקה 1 בדיקה 23"}],"start":1739691671528,"stop":1739691671742},{"name":"Click on theNext button","status":"passed","stage":"finished","steps":[],"attachments":[],"parameters":[],"start":1739691671742,"stop":1739691671918},{"name":"Set the number of payments","status":"passed","stage":"finished","steps":[],"attachments":[],"parameters":[{"name":"numberOfPaymentsValue","value":"12"}],"start":1739691671918,"stop":1739691672124},{"name":"Set the house commitment ['ועד בית']","status":"passed","stage":"finished","steps":[],"attachments":[],"parameters":[{"name":"houseCommitmentValue","value":"200"}],"start":1739691672124,"stop":1739691672296},{"name":"Set the asset tax ['ארנונה'] ","status":"broken","statusDetails":{"known":false,"muted":false,"flaky":false,"message":"invalid session id: session deleted as the browser has closed the connection\nfrom disconnected: not connected to DevTools\n  (Session info: chrome=133.0.6943.98)\nBuild info: version: '4.23.1', revision: '656257d8e9'\nSystem info: os.name: 'Windows 11', os.arch: 'amd64', os.version: '10.0', java.version: '21.0.6'\nDriver info: org.openqa.selenium.chrome.ChromeDriver\nCommand: [9b5b808ba0e5d3227cdedc7d11681683, findElement {value=[name='tax_asset'], using=css selector}]\nCapabilities {acceptInsecureCerts: false, browserName: chrome, browserVersion: 133.0.6943.98, chrome: {chromedriverVersion: 133.0.6943.98 (da53563ceb66..., userDataDir: C:\\Users\\ASAFAH~1\\AppData\\L...}, fedcm:accounts: true, goog:chromeOptions: {debuggerAddress: localhost:54055}, networkConnectionEnabled: false, pageLoadStrategy: normal, platformName: windows, proxy: Proxy(), se:cdp: ws://localhost:54055/devtoo..., se:cdpVersion: 133.0.6943.98, setWindowRect: true, strictFileInteractability: false, timeouts: {implicit: 0, pageLoad: 300000, script: 30000}, unhandledPromptBehavior: dismiss and notify, webauthn:extension:credBlob: true, webauthn:extension:largeBlob: true, webauthn:extension:minPinLength: true, webauthn:extension:prf: true, webauthn:virtualAuthenticators: true}\nSession ID: 9b5b808ba0e5d3227cdedc7d11681683","trace":"org.openqa.selenium.NoSuchSessionException: invalid session id: session deleted as the browser has closed the connection\nfrom disconnected: not connected to DevTools\n  (Session info: chrome=133.0.6943.98)\nBuild info: version: '4.23.1', revision: '656257d8e9'\nSystem info: os.name: 'Windows 11', os.arch: 'amd64', os.version: '10.0', java.version: '21.0.6'\nDriver info: org.openqa.selenium.chrome.ChromeDriver\nCommand: [9b5b808ba0e5d3227cdedc7d11681683, findElement {value=[name='tax_asset'], using=css selector}]\nCapabilities {acceptInsecureCerts: false, browserName: chrome, browserVersion: 133.0.6943.98, chrome: {chromedriverVersion: 133.0.6943.98 (da53563ceb66..., userDataDir: C:\\Users\\ASAFAH~1\\AppData\\L...}, fedcm:accounts: true, goog:chromeOptions: {debuggerAddress: localhost:54055}, networkConnectionEnabled: false, pageLoadStrategy: normal, platformName: windows, proxy: Proxy(), se:cdp: ws://localhost:54055/devtoo..., se:cdpVersion: 133.0.6943.98, setWindowRect: true, strictFileInteractability: false, timeouts: {implicit: 0, pageLoad: 300000, script: 30000}, unhandledPromptBehavior: dismiss and notify, webauthn:extension:credBlob: true, webauthn:extension:largeBlob: true, webauthn:extension:minPinLength: true, webauthn:extension:prf: true, webauthn:virtualAuthenticators: true}\nSession ID: 9b5b808ba0e5d3227cdedc7d11681683\r\n\tat java.base/jdk.internal.reflect.DirectConstructorHandleAccessor.newInstance(DirectConstructorHandleAccessor.java:62)\r\n\tat java.base/java.lang.reflect.Constructor.newInstanceWithCaller(Constructor.java:502)\r\n\tat java.base/java.lang.reflect.Constructor.newInstance(Constructor.java:486)\r\n\tat org.openqa.selenium.remote.ErrorCodec.decode(ErrorCodec.java:167)\r\n\tat org.openqa.selenium.remote.codec.w3c.W3CHttpResponseCodec.decode(W3CHttpResponseCodec.java:138)\r\n\tat org.openqa.selenium.remote.codec.w3c.W3CHttpResponseCodec.decode(W3CHttpResponseCodec.java:50)\r\n\tat org.openqa.selenium.remote.HttpCommandExecutor.execute(HttpCommandExecutor.java:190)\r\n\tat org.openqa.selenium.remote.service.DriverCommandExecutor.invokeExecute(DriverCommandExecutor.java:216)\r\n\tat org.openqa.selenium.remote.service.DriverCommandExecutor.execute(DriverCommandExecutor.java:174)\r\n\tat org.openqa.selenium.remote.RemoteWebDriver.execute(RemoteWebDriver.java:545)\r\n\tat org.openqa.selenium.remote.ElementLocation$ElementFinder$2.findElement(ElementLocation.java:165)\r\n\tat org.openqa.selenium.remote.ElementLocation.findElement(ElementLocation.java:59)\r\n\tat org.openqa.selenium.remote.RemoteWebDriver.findElement(RemoteWebDriver.java:368)\r\n\tat org.openqa.selenium.remote.RemoteWebDriver.findElement(RemoteWebDriver.java:362)\r\n\tat org.openqa.selenium.support.pagefactory.DefaultElementLocator.findElement(DefaultElementLocator.java:68)\r\n\tat org.openqa.selenium.support.pagefactory.internal.LocatingElementHandler.invoke(LocatingElementHandler.java:38)\r\n\tat jdk.proxy2/jdk.proxy2.$Proxy13.isDisplayed(Unknown Source)\r\n\tat org.openqa.selenium.support.ui.ExpectedConditions.elementIfVisible(ExpectedConditions.java:304)\r\n\tat org.openqa.selenium.support.ui.ExpectedConditions$10.apply(ExpectedConditions.java:290)\r\n\tat org.openqa.selenium.support.ui.ExpectedConditions$10.apply(ExpectedConditions.java:287)\r\n\tat org.openqa.selenium.support.ui.ExpectedConditions$23.apply(ExpectedConditions.java:656)\r\n\tat org.openqa.selenium.support.ui.ExpectedConditions$23.apply(ExpectedConditions.java:652)\r\n\tat org.openqa.selenium.support.ui.FluentWait.until(FluentWait.java:203)\r\n\tat pages.BasePage.waitForElement(BasePage.java:54)\r\n\tat pages.BasePage.fillText(BasePage.java:80)\r\n\tat pages.publishAdWizard.Step4_page.setTaxAsset(Step4_page.java:42)\r\n\tat tests.E2Etests.e2eTest_loginAndCreateAd(E2Etests.java:60)\r\n\tat java.base/jdk.internal.reflect.DirectMethodHandleAccessor.invoke(DirectMethodHandleAccessor.java:103)\r\n\tat java.base/java.lang.reflect.Method.invoke(Method.java:580)\r\n\tat org.testng.internal.invokers.MethodInvocationHelper.invokeMethod(MethodInvocationHelper.java:141)\r\n\tat org.testng.internal.invokers.TestInvoker.invokeMethod(TestInvoker.java:686)\r\n\tat org.testng.internal.invokers.TestInvoker.invokeTestMethod(TestInvoker.java:230)\r\n\tat org.testng.internal.invokers.MethodRunner.runInSequence(MethodRunner.java:63)\r\n\tat org.testng.internal.invokers.TestInvoker$MethodInvocationAgent.invoke(TestInvoker.java:992)\r\n\tat org.testng.internal.invokers.TestInvoker.invokeTestMethods(TestInvoker.java:203)\r\n\tat org.testng.internal.invokers.TestMethodWorker.invokeTestMethods(TestMethodWorker.java:154)\r\n\tat org.testng.internal.invokers.TestMethodWorker.run(TestMethodWorker.java:134)\r\n\tat java.base/java.util.ArrayList.forEach(ArrayList.java:1596)\r\n\tat org.testng.TestRunner.privateRun(TestRunner.java:739)\r\n\tat org.testng.TestRunner.run(TestRunner.java:614)\r\n\tat org.testng.SuiteRunner.runTest(SuiteRunner.java:421)\r\n\tat org.testng.SuiteRunner.runSequentially(SuiteRunner.java:413)\r\n\tat org.testng.SuiteRunner.privateRun(SuiteRunner.java:373)\r\n\tat org.testng.SuiteRunner.run(SuiteRunner.java:312)\r\n\tat org.testng.SuiteRunnerWorker.runSuite(SuiteRunnerWorker.java:52)\r\n\tat org.testng.SuiteRunnerWorker.run(SuiteRunnerWorker.java:95)\r\n\tat org.testng.TestNG.runSuitesSequentially(TestNG.java:1274)\r\n\tat org.testng.TestNG.runSuitesLocally(TestNG.java:1208)\r\n\tat org.testng.TestNG.runSuites(TestNG.java:1112)\r\n\tat org.testng.TestNG.run(TestNG.java:1079)\r\n\tat com.intellij.rt.testng.IDEARemoteTestNG.run(IDEARemoteTestNG.java:65)\r\n\tat com.intellij.rt.testng.RemoteTestNGStarter.main(RemoteTestNGStarter.java:105)\r\n"},"stage":"finished","steps":[],"attachments":[],"parameters":[{"name":"taxAssetValue","value":"600"}],"start":1739691672296,"stop":1739691688920}],"attachments":[],"parameters":[],"start":1739691662927,"stop":1739691688928}