{"uuid":"f0e09490-0daf-452d-ba90-0275c212277d","historyId":"8c5b3c1a7dcf78d58e9c48aebc40481e","fullName":"tests.E2Etests.e2eTest_loginAndCreateAd","labels":[{"name":"package","value":"tests.E2Etests"},{"name":"testClass","value":"tests.E2Etests"},{"name":"testMethod","value":"e2eTest_loginAndCreateAd"},{"name":"parentSuite","value":"KalDemo Suite"},{"name":"suite","value":"E2E Tests"},{"name":"subSuite","value":"tests.E2Etests"},{"name":"host","value":"ASAF-PC"},{"name":"thread","value":"36568@ASAF-PC.TestNG-test-E2E Tests-1(44)"},{"name":"framework","value":"testng"},{"name":"language","value":"java"}],"links":[],"name":"e2eTest_loginAndCreateAd","status":"broken","statusDetails":{"known":false,"muted":false,"flaky":false,"message":"invalid session id: session deleted as the browser has closed the connection\nfrom disconnected: not connected to DevTools\n  (Session info: chrome=133.0.6943.98)\nBuild info: version: '4.23.1', revision: '656257d8e9'\nSystem info: os.name: 'Windows 11', os.arch: 'amd64', os.version: '10.0', java.version: '21.0.6'\nDriver info: org.openqa.selenium.chrome.ChromeDriver\nCommand: [6fc94959082f6d1f8a5aa45c98d1d69a, isElementDisplayed {id=f.7DDB57CBF535B9962F18821DD6C7BDB0.d.CA2F3E2D6C9989DAB65E940571C43175.e.238}]\nCapabilities {acceptInsecureCerts: false, browserName: chrome, browserVersion: 133.0.6943.98, chrome: {chromedriverVersion: 133.0.6943.98 (da53563ceb66..., userDataDir: C:\\Users\\ASAFAH~1\\AppData\\L...}, fedcm:accounts: true, goog:chromeOptions: {debuggerAddress: localhost:61854}, networkConnectionEnabled: false, pageLoadStrategy: normal, platformName: windows, proxy: Proxy(), se:cdp: ws://localhost:61854/devtoo..., se:cdpVersion: 133.0.6943.98, setWindowRect: true, strictFileInteractability: false, timeouts: {implicit: 0, pageLoad: 300000, script: 30000}, unhandledPromptBehavior: dismiss and notify, webauthn:extension:credBlob: true, webauthn:extension:largeBlob: true, webauthn:extension:minPinLength: true, webauthn:extension:prf: true, webauthn:virtualAuthenticators: true}\nElement: [[ChromeDriver: chrome on windows (6fc94959082f6d1f8a5aa45c98d1d69a)] -> css selector: input[class='numInput cur-year']]\nSession ID: 6fc94959082f6d1f8a5aa45c98d1d69a","trace":"org.openqa.selenium.NoSuchSessionException: invalid session id: session deleted as the browser has closed the connection\nfrom disconnected: not connected to DevTools\n  (Session info: chrome=133.0.6943.98)\nBuild info: version: '4.23.1', revision: '656257d8e9'\nSystem info: os.name: 'Windows 11', os.arch: 'amd64', os.version: '10.0', java.version: '21.0.6'\nDriver info: org.openqa.selenium.chrome.ChromeDriver\nCommand: [6fc94959082f6d1f8a5aa45c98d1d69a, isElementDisplayed {id=f.7DDB57CBF535B9962F18821DD6C7BDB0.d.CA2F3E2D6C9989DAB65E940571C43175.e.238}]\nCapabilities {acceptInsecureCerts: false, browserName: chrome, browserVersion: 133.0.6943.98, chrome: {chromedriverVersion: 133.0.6943.98 (da53563ceb66..., userDataDir: C:\\Users\\ASAFAH~1\\AppData\\L...}, fedcm:accounts: true, goog:chromeOptions: {debuggerAddress: localhost:61854}, networkConnectionEnabled: false, pageLoadStrategy: normal, platformName: windows, proxy: Proxy(), se:cdp: ws://localhost:61854/devtoo..., se:cdpVersion: 133.0.6943.98, setWindowRect: true, strictFileInteractability: false, timeouts: {implicit: 0, pageLoad: 300000, script: 30000}, unhandledPromptBehavior: dismiss and notify, webauthn:extension:credBlob: true, webauthn:extension:largeBlob: true, webauthn:extension:minPinLength: true, webauthn:extension:prf: true, webauthn:virtualAuthenticators: true}\nElement: [[ChromeDriver: chrome on windows (6fc94959082f6d1f8a5aa45c98d1d69a)] -> css selector: input[class='numInput cur-year']]\nSession ID: 6fc94959082f6d1f8a5aa45c98d1d69a\r\n\tat java.base/jdk.internal.reflect.DirectConstructorHandleAccessor.newInstance(DirectConstructorHandleAccessor.java:62)\r\n\tat java.base/java.lang.reflect.Constructor.newInstanceWithCaller(Constructor.java:502)\r\n\tat java.base/java.lang.reflect.Constructor.newInstance(Constructor.java:486)\r\n\tat org.openqa.selenium.remote.ErrorCodec.decode(ErrorCodec.java:167)\r\n\tat org.openqa.selenium.remote.codec.w3c.W3CHttpResponseCodec.decode(W3CHttpResponseCodec.java:138)\r\n\tat org.openqa.selenium.remote.codec.w3c.W3CHttpResponseCodec.decode(W3CHttpResponseCodec.java:50)\r\n\tat org.openqa.selenium.remote.HttpCommandExecutor.execute(HttpCommandExecutor.java:190)\r\n\tat org.openqa.selenium.remote.service.DriverCommandExecutor.invokeExecute(DriverCommandExecutor.java:216)\r\n\tat org.openqa.selenium.remote.service.DriverCommandExecutor.execute(DriverCommandExecutor.java:174)\r\n\tat org.openqa.selenium.remote.RemoteWebDriver.execute(RemoteWebDriver.java:545)\r\n\tat org.openqa.selenium.remote.RemoteWebElement.execute(RemoteWebElement.java:223)\r\n\tat org.openqa.selenium.remote.RemoteWebElement.isDisplayed(RemoteWebElement.java:282)\r\n\tat org.openqa.selenium.support.ui.ExpectedConditions.elementIfVisible(ExpectedConditions.java:304)\r\n\tat org.openqa.selenium.support.ui.ExpectedConditions$10.apply(ExpectedConditions.java:290)\r\n\tat org.openqa.selenium.support.ui.ExpectedConditions$10.apply(ExpectedConditions.java:287)\r\n\tat org.openqa.selenium.support.ui.ExpectedConditions$23.apply(ExpectedConditions.java:656)\r\n\tat org.openqa.selenium.support.ui.ExpectedConditions$23.apply(ExpectedConditions.java:652)\r\n\tat org.openqa.selenium.support.ui.FluentWait.until(FluentWait.java:203)\r\n\tat pages.BasePage.waitForElement(BasePage.java:54)\r\n\tat pages.BasePage.fillText(BasePage.java:80)\r\n\tat pages.publishAdWizard.Step4_page.selectDate(Step4_page.java:53)\r\n\tat tests.E2Etests.e2eTest_loginAndCreateAd(E2Etests.java:57)\r\n\tat java.base/jdk.internal.reflect.DirectMethodHandleAccessor.invoke(DirectMethodHandleAccessor.java:103)\r\n\tat java.base/java.lang.reflect.Method.invoke(Method.java:580)\r\n\tat org.testng.internal.invokers.MethodInvocationHelper.invokeMethod(MethodInvocationHelper.java:141)\r\n\tat org.testng.internal.invokers.TestInvoker.invokeMethod(TestInvoker.java:686)\r\n\tat org.testng.internal.invokers.TestInvoker.invokeTestMethod(TestInvoker.java:230)\r\n\tat org.testng.internal.invokers.MethodRunner.runInSequence(MethodRunner.java:63)\r\n\tat org.testng.internal.invokers.TestInvoker$MethodInvocationAgent.invoke(TestInvoker.java:992)\r\n\tat org.testng.internal.invokers.TestInvoker.invokeTestMethods(TestInvoker.java:203)\r\n\tat org.testng.internal.invokers.TestMethodWorker.invokeTestMethods(TestMethodWorker.java:154)\r\n\tat org.testng.internal.invokers.TestMethodWorker.run(TestMethodWorker.java:134)\r\n\tat java.base/java.util.concurrent.Executors$RunnableAdapter.call(Executors.java:572)\r\n\tat java.base/java.util.concurrent.FutureTask.run(FutureTask.java:317)\r\n\tat org.testng.internal.thread.graph.TestNGFutureTask.run(TestNGFutureTask.java:22)\r\n\tat java.base/java.util.concurrent.ThreadPoolExecutor.runWorker(ThreadPoolExecutor.java:1144)\r\n\tat java.base/java.util.concurrent.ThreadPoolExecutor$Worker.run(ThreadPoolExecutor.java:642)\r\n\tat java.base/java.lang.Thread.run(Thread.java:1583)\r\n"},"stage":"finished","description":"Test 1 - Login with a valid user, to the website and Create a new Ad","steps":[{"name":"Select a tab By giving his name","status":"passed","stage":"finished","steps":[],"attachments":[],"parameters":[{"name":"tabName","value":"מאגר דירות"}],"start":1739783908596,"stop":1739783910224},{"name":"Count the number of the Ads","status":"passed","stage":"finished","steps":[],"attachments":[],"parameters":[],"start":1739783910225,"stop":1739783910264},{"name":"Click on the 'Publish Ad' button","status":"passed","stage":"finished","steps":[],"attachments":[],"parameters":[],"start":1739783910265,"stop":1739783912291},{"name":"Select the type of the asset","status":"passed","stage":"finished","steps":[],"attachments":[],"parameters":[{"name":"typeValue","value":"דירת גן"}],"start":1739783912327,"stop":1739783913463},{"name":"Select the status of the asset","status":"passed","stage":"finished","steps":[],"attachments":[],"parameters":[{"name":"statusValue","value":"משופץ"}],"start":1739783913463,"stop":1739783913543},{"name":"Select a city and set streetName if required or select other city without street","status":"passed","stage":"finished","steps":[],"attachments":[],"parameters":[{"name":"cityNameValue","value":"כרמיאל"},{"name":"streetNameValue","value":"אשור"},{"name":"houseNumberValue","value":"24"}],"start":1739783913543,"stop":1739783914822},{"name":"Click on the Next button","status":"passed","stage":"finished","steps":[],"attachments":[],"parameters":[],"start":1739783914822,"stop":1739783914926},{"name":"Set the floor number","status":"passed","stage":"finished","steps":[],"attachments":[],"parameters":[{"name":"floorValue","value":"1"}],"start":1739783914955,"stop":1739783915095},{"name":"Set the value from 'which' floor","status":"passed","stage":"finished","steps":[],"attachments":[],"parameters":[{"name":"fromFloorValue","value":"2"}],"start":1739783915095,"stop":1739783915306},{"name":"Set number of the Rooms","status":"passed","stage":"finished","steps":[],"attachments":[],"parameters":[{"name":"numberOfRoomsValue","value":"4"}],"start":1739783915307,"stop":1739783915404},{"name":"Select the number of the traces","status":"passed","stage":"finished","steps":[],"attachments":[],"parameters":[{"name":"numberOfTerracesValue","value":"1"}],"start":1739783915404,"stop":1739783915479},{"name":"Select the number of the parkings","status":"passed","stage":"finished","steps":[],"attachments":[],"parameters":[{"name":"numberOfParkingsValue","value":"1"}],"start":1739783915479,"stop":1739783915552},{"name":"Set the built per Mr","status":"passed","stage":"finished","steps":[],"attachments":[],"parameters":[{"name":"builtMrValue","value":"120"}],"start":1739783915552,"stop":1739783915710},{"name":"Select if elevator is exist or not","status":"passed","stage":"finished","steps":[],"attachments":[],"parameters":[{"name":"elevatorValue","value":"עם"}],"start":1739783915710,"stop":1739783915840},{"name":"Click on the Next button","status":"passed","stage":"finished","steps":[],"attachments":[],"parameters":[],"start":1739783915840,"stop":1739783915954},{"name":"Select the Asset attribute by Giving the attribute name","status":"passed","stage":"finished","steps":[],"attachments":[],"parameters":[{"name":"attributeValue","value":"גישה לנכים"}],"start":1739783915979,"stop":1739783916134},{"name":"Select the Asset attribute by Giving the attribute name","status":"passed","stage":"finished","steps":[],"attachments":[],"parameters":[{"name":"attributeValue","value":"מטבח כשר"}],"start":1739783916134,"stop":1739783916298},{"name":"Select the Asset attribute by Giving the attribute name","status":"passed","stage":"finished","steps":[],"attachments":[],"parameters":[{"name":"attributeValue","value":"דוד שמש"}],"start":1739783916298,"stop":1739783916524},{"name":"Describe the asset","status":"passed","stage":"finished","steps":[],"attachments":[],"parameters":[{"name":"assetDescriptionText","value":"בדיקה 1 בדיקה 23"}],"start":1739783916524,"stop":1739783916638},{"name":"Click on theNext button","status":"passed","stage":"finished","steps":[],"attachments":[],"parameters":[],"start":1739783916638,"stop":1739783916743},{"name":"Set the number of payments","status":"passed","stage":"finished","steps":[],"attachments":[],"parameters":[{"name":"numberOfPaymentsValue","value":"12"}],"start":1739783916771,"stop":1739783916901},{"name":"Set the house commitment ['ועד בית']","status":"passed","stage":"finished","steps":[],"attachments":[],"parameters":[{"name":"houseCommitmentValue","value":"200"}],"start":1739783916902,"stop":1739783917057},{"name":"Set the asset tax ['ארנונה'] ","status":"passed","stage":"finished","steps":[],"attachments":[],"parameters":[{"name":"taxAssetValue","value":"600"}],"start":1739783917057,"stop":1739783917219},{"name":"Set the asset price","status":"passed","stage":"finished","steps":[],"attachments":[],"parameters":[{"name":"priceValue","value":"700000"}],"start":1739783917219,"stop":1739783917364},{"name":"Select an asset release date","status":"broken","statusDetails":{"known":false,"muted":false,"flaky":false,"message":"invalid session id: session deleted as the browser has closed the connection\nfrom disconnected: not connected to DevTools\n  (Session info: chrome=133.0.6943.98)\nBuild info: version: '4.23.1', revision: '656257d8e9'\nSystem info: os.name: 'Windows 11', os.arch: 'amd64', os.version: '10.0', java.version: '21.0.6'\nDriver info: org.openqa.selenium.chrome.ChromeDriver\nCommand: [6fc94959082f6d1f8a5aa45c98d1d69a, isElementDisplayed {id=f.7DDB57CBF535B9962F18821DD6C7BDB0.d.CA2F3E2D6C9989DAB65E940571C43175.e.238}]\nCapabilities {acceptInsecureCerts: false, browserName: chrome, browserVersion: 133.0.6943.98, chrome: {chromedriverVersion: 133.0.6943.98 (da53563ceb66..., userDataDir: C:\\Users\\ASAFAH~1\\AppData\\L...}, fedcm:accounts: true, goog:chromeOptions: {debuggerAddress: localhost:61854}, networkConnectionEnabled: false, pageLoadStrategy: normal, platformName: windows, proxy: Proxy(), se:cdp: ws://localhost:61854/devtoo..., se:cdpVersion: 133.0.6943.98, setWindowRect: true, strictFileInteractability: false, timeouts: {implicit: 0, pageLoad: 300000, script: 30000}, unhandledPromptBehavior: dismiss and notify, webauthn:extension:credBlob: true, webauthn:extension:largeBlob: true, webauthn:extension:minPinLength: true, webauthn:extension:prf: true, webauthn:virtualAuthenticators: true}\nElement: [[ChromeDriver: chrome on windows (6fc94959082f6d1f8a5aa45c98d1d69a)] -> css selector: input[class='numInput cur-year']]\nSession ID: 6fc94959082f6d1f8a5aa45c98d1d69a","trace":"org.openqa.selenium.NoSuchSessionException: invalid session id: session deleted as the browser has closed the connection\nfrom disconnected: not connected to DevTools\n  (Session info: chrome=133.0.6943.98)\nBuild info: version: '4.23.1', revision: '656257d8e9'\nSystem info: os.name: 'Windows 11', os.arch: 'amd64', os.version: '10.0', java.version: '21.0.6'\nDriver info: org.openqa.selenium.chrome.ChromeDriver\nCommand: [6fc94959082f6d1f8a5aa45c98d1d69a, isElementDisplayed {id=f.7DDB57CBF535B9962F18821DD6C7BDB0.d.CA2F3E2D6C9989DAB65E940571C43175.e.238}]\nCapabilities {acceptInsecureCerts: false, browserName: chrome, browserVersion: 133.0.6943.98, chrome: {chromedriverVersion: 133.0.6943.98 (da53563ceb66..., userDataDir: C:\\Users\\ASAFAH~1\\AppData\\L...}, fedcm:accounts: true, goog:chromeOptions: {debuggerAddress: localhost:61854}, networkConnectionEnabled: false, pageLoadStrategy: normal, platformName: windows, proxy: Proxy(), se:cdp: ws://localhost:61854/devtoo..., se:cdpVersion: 133.0.6943.98, setWindowRect: true, strictFileInteractability: false, timeouts: {implicit: 0, pageLoad: 300000, script: 30000}, unhandledPromptBehavior: dismiss and notify, webauthn:extension:credBlob: true, webauthn:extension:largeBlob: true, webauthn:extension:minPinLength: true, webauthn:extension:prf: true, webauthn:virtualAuthenticators: true}\nElement: [[ChromeDriver: chrome on windows (6fc94959082f6d1f8a5aa45c98d1d69a)] -> css selector: input[class='numInput cur-year']]\nSession ID: 6fc94959082f6d1f8a5aa45c98d1d69a\r\n\tat java.base/jdk.internal.reflect.DirectConstructorHandleAccessor.newInstance(DirectConstructorHandleAccessor.java:62)\r\n\tat java.base/java.lang.reflect.Constructor.newInstanceWithCaller(Constructor.java:502)\r\n\tat java.base/java.lang.reflect.Constructor.newInstance(Constructor.java:486)\r\n\tat org.openqa.selenium.remote.ErrorCodec.decode(ErrorCodec.java:167)\r\n\tat org.openqa.selenium.remote.codec.w3c.W3CHttpResponseCodec.decode(W3CHttpResponseCodec.java:138)\r\n\tat org.openqa.selenium.remote.codec.w3c.W3CHttpResponseCodec.decode(W3CHttpResponseCodec.java:50)\r\n\tat org.openqa.selenium.remote.HttpCommandExecutor.execute(HttpCommandExecutor.java:190)\r\n\tat org.openqa.selenium.remote.service.DriverCommandExecutor.invokeExecute(DriverCommandExecutor.java:216)\r\n\tat org.openqa.selenium.remote.service.DriverCommandExecutor.execute(DriverCommandExecutor.java:174)\r\n\tat org.openqa.selenium.remote.RemoteWebDriver.execute(RemoteWebDriver.java:545)\r\n\tat org.openqa.selenium.remote.RemoteWebElement.execute(RemoteWebElement.java:223)\r\n\tat org.openqa.selenium.remote.RemoteWebElement.isDisplayed(RemoteWebElement.java:282)\r\n\tat org.openqa.selenium.support.ui.ExpectedConditions.elementIfVisible(ExpectedConditions.java:304)\r\n\tat org.openqa.selenium.support.ui.ExpectedConditions$10.apply(ExpectedConditions.java:290)\r\n\tat org.openqa.selenium.support.ui.ExpectedConditions$10.apply(ExpectedConditions.java:287)\r\n\tat org.openqa.selenium.support.ui.ExpectedConditions$23.apply(ExpectedConditions.java:656)\r\n\tat org.openqa.selenium.support.ui.ExpectedConditions$23.apply(ExpectedConditions.java:652)\r\n\tat org.openqa.selenium.support.ui.FluentWait.until(FluentWait.java:203)\r\n\tat pages.BasePage.waitForElement(BasePage.java:54)\r\n\tat pages.BasePage.fillText(BasePage.java:80)\r\n\tat pages.publishAdWizard.Step4_page.selectDate(Step4_page.java:53)\r\n\tat tests.E2Etests.e2eTest_loginAndCreateAd(E2Etests.java:57)\r\n\tat java.base/jdk.internal.reflect.DirectMethodHandleAccessor.invoke(DirectMethodHandleAccessor.java:103)\r\n\tat java.base/java.lang.reflect.Method.invoke(Method.java:580)\r\n\tat org.testng.internal.invokers.MethodInvocationHelper.invokeMethod(MethodInvocationHelper.java:141)\r\n\tat org.testng.internal.invokers.TestInvoker.invokeMethod(TestInvoker.java:686)\r\n\tat org.testng.internal.invokers.TestInvoker.invokeTestMethod(TestInvoker.java:230)\r\n\tat org.testng.internal.invokers.MethodRunner.runInSequence(MethodRunner.java:63)\r\n\tat org.testng.internal.invokers.TestInvoker$MethodInvocationAgent.invoke(TestInvoker.java:992)\r\n\tat org.testng.internal.invokers.TestInvoker.invokeTestMethods(TestInvoker.java:203)\r\n\tat org.testng.internal.invokers.TestMethodWorker.invokeTestMethods(TestMethodWorker.java:154)\r\n\tat org.testng.internal.invokers.TestMethodWorker.run(TestMethodWorker.java:134)\r\n\tat java.base/java.util.concurrent.Executors$RunnableAdapter.call(Executors.java:572)\r\n\tat java.base/java.util.concurrent.FutureTask.run(FutureTask.java:317)\r\n\tat org.testng.internal.thread.graph.TestNGFutureTask.run(TestNGFutureTask.java:22)\r\n\tat java.base/java.util.concurrent.ThreadPoolExecutor.runWorker(ThreadPoolExecutor.java:1144)\r\n\tat java.base/java.util.concurrent.ThreadPoolExecutor$Worker.run(ThreadPoolExecutor.java:642)\r\n\tat java.base/java.lang.Thread.run(Thread.java:1583)\r\n"},"stage":"finished","steps":[],"attachments":[],"parameters":[{"name":"year","value":"2025"},{"name":"month","value":"November"},{"name":"day","value":"29"}],"start":1739783917364,"stop":1739783934679}],"attachments":[],"parameters":[],"start":1739783908509,"stop":1739783934687}